{"C:\\Users\\Nurali\\GoProjects\\Chess_nfac\\frontend\\src\\components\\analysis\\EvaluationGraph.tsx": {"path":"C:\\Users\\Nurali\\GoProjects\\Chess_nfac\\frontend\\src\\components\\analysis\\EvaluationGraph.tsx","statementMap":{"0":{"start":{"line":19,"column":10},"end":{"line":19,"column":null}},"1":{"start":{"line":21,"column":2},"end":{"line":27,"column":null}},"2":{"start":{"line":22,"column":4},"end":{"line":25,"column":null}},"3":{"start":{"line":29,"column":15},"end":{"line":33,"column":null}},"4":{"start":{"line":29,"column":37},"end":{"line":33,"column":4}},"5":{"start":{"line":35,"column":2},"end":{"line":76,"column":null}},"6":{"start":{"line":61,"column":14},"end":{"line":61,"column":null}},"7":{"start":{"line":63,"column":39},"end":{"line":63,"column":null}}},"fnMap":{"0":{"name":"EvaluationGraph","decl":{"start":{"line":18,"column":16},"end":{"line":18,"column":32}},"loc":{"start":{"line":18,"column":71},"end":{"line":78,"column":null}},"line":18},"1":{"name":"(anonymous_1)","decl":{"start":{"line":29,"column":27},"end":{"line":29,"column":31}},"loc":{"start":{"line":29,"column":37},"end":{"line":33,"column":4}},"line":29},"2":{"name":"(anonymous_2)","decl":{"start":{"line":60,"column":12},"end":{"line":60,"column":24}},"loc":{"start":{"line":61,"column":14},"end":{"line":61,"column":null}},"line":61},"3":{"name":"(anonymous_3)","decl":{"start":{"line":63,"column":12},"end":{"line":63,"column":29}},"loc":{"start":{"line":63,"column":39},"end":{"line":63,"column":null}},"line":63}},"branchMap":{"0":{"loc":{"start":{"line":21,"column":2},"end":{"line":27,"column":null}},"type":"if","locations":[{"start":{"line":21,"column":2},"end":{"line":27,"column":null}},{"start":{},"end":{}}],"line":21},"1":{"loc":{"start":{"line":32,"column":11},"end":{"line":32,"column":null}},"type":"cond-expr","locations":[{"start":{"line":32,"column":28},"end":{"line":32,"column":43}},{"start":{"line":32,"column":43},"end":{"line":32,"column":null}}],"line":32},"2":{"loc":{"start":{"line":61,"column":15},"end":{"line":61,"column":54}},"type":"binary-expr","locations":[{"start":{"line":61,"column":15},"end":{"line":61,"column":39}},{"start":{"line":61,"column":39},"end":{"line":61,"column":54}}],"line":61}},"s":{"0":9,"1":9,"2":1,"3":8,"4":8,"5":8,"6":2,"7":1},"f":{"0":9,"1":8,"2":2,"3":1},"b":{"0":[1,8],"1":[1,7],"2":[2,1]},"meta":{"lastBranch":3,"lastFunction":4,"lastStatement":8,"seen":{"f:18:16:18:32":0,"s:19:10:19:Infinity":0,"b:21:2:27:Infinity:undefined:undefined:undefined:undefined":0,"s:21:2:27:Infinity":1,"s:22:4:25:Infinity":2,"s:29:15:33:Infinity":3,"f:29:27:29:31":1,"s:29:37:33:4":4,"b:32:28:32:43:32:43:32:Infinity":1,"s:35:2:76:Infinity":5,"f:60:12:60:24":2,"s:61:14:61:Infinity":6,"b:61:15:61:39:61:39:61:54":2,"f:63:12:63:29":3,"s:63:39:63:Infinity":7}}}
,"C:\\Users\\Nurali\\GoProjects\\Chess_nfac\\frontend\\src\\components\\game\\Board.tsx": {"path":"C:\\Users\\Nurali\\GoProjects\\Chess_nfac\\frontend\\src\\components\\game\\Board.tsx","statementMap":{"0":{"start":{"line":27,"column":60},"end":{"line":27,"column":null}},"1":{"start":{"line":29,"column":2},"end":{"line":33,"column":null}},"2":{"start":{"line":30,"column":4},"end":{"line":32,"column":null}},"3":{"start":{"line":35,"column":2},"end":{"line":39,"column":null}},"4":{"start":{"line":36,"column":4},"end":{"line":38,"column":null}},"5":{"start":{"line":41,"column":2},"end":{"line":45,"column":null}},"6":{"start":{"line":42,"column":47},"end":{"line":42,"column":null}},"7":{"start":{"line":43,"column":4},"end":{"line":43,"column":null}},"8":{"start":{"line":44,"column":4},"end":{"line":44,"column":null}},"9":{"start":{"line":47,"column":8},"end":{"line":53,"column":null}},"10":{"start":{"line":49,"column":6},"end":{"line":49,"column":null}},"11":{"start":{"line":49,"column":25},"end":{"line":49,"column":null}},"12":{"start":{"line":50,"column":6},"end":{"line":50,"column":null}},"13":{"start":{"line":55,"column":8},"end":{"line":60,"column":null}},"14":{"start":{"line":57,"column":6},"end":{"line":57,"column":null}},"15":{"start":{"line":57,"column":23},"end":{"line":57,"column":null}},"16":{"start":{"line":62,"column":2},"end":{"line":77,"column":null}}},"fnMap":{"0":{"name":"Board","decl":{"start":{"line":17,"column":16},"end":{"line":17,"column":22}},"loc":{"start":{"line":26,"column":15},"end":{"line":79,"column":null}},"line":26},"1":{"name":"(anonymous_1)","decl":{"start":{"line":47,"column":26},"end":{"line":47,"column":null}},"loc":{"start":{"line":48,"column":62},"end":{"line":51,"column":null}},"line":48},"2":{"name":"(anonymous_2)","decl":{"start":{"line":55,"column":28},"end":{"line":55,"column":null}},"loc":{"start":{"line":56,"column":39},"end":{"line":58,"column":null}},"line":56}},"branchMap":{"0":{"loc":{"start":{"line":19,"column":2},"end":{"line":19,"column":null}},"type":"default-arg","locations":[{"start":{"line":19,"column":16},"end":{"line":19,"column":null}}],"line":19},"1":{"loc":{"start":{"line":25,"column":2},"end":{"line":25,"column":null}},"type":"default-arg","locations":[{"start":{"line":25,"column":15},"end":{"line":25,"column":null}}],"line":25},"2":{"loc":{"start":{"line":29,"column":2},"end":{"line":33,"column":null}},"type":"if","locations":[{"start":{"line":29,"column":2},"end":{"line":33,"column":null}},{"start":{},"end":{}}],"line":29},"3":{"loc":{"start":{"line":41,"column":2},"end":{"line":45,"column":null}},"type":"if","locations":[{"start":{"line":41,"column":2},"end":{"line":45,"column":null}},{"start":{},"end":{}}],"line":41},"4":{"loc":{"start":{"line":49,"column":6},"end":{"line":49,"column":null}},"type":"if","locations":[{"start":{"line":49,"column":6},"end":{"line":49,"column":null}},{"start":{},"end":{}}],"line":49},"5":{"loc":{"start":{"line":57,"column":6},"end":{"line":57,"column":null}},"type":"if","locations":[{"start":{"line":57,"column":6},"end":{"line":57,"column":null}},{"start":{},"end":{}}],"line":57}},"s":{"0":7,"1":7,"2":1,"3":7,"4":2,"5":7,"6":1,"7":1,"8":1,"9":7,"10":1,"11":0,"12":1,"13":7,"14":2,"15":1,"16":7},"f":{"0":7,"1":1,"2":2},"b":{"0":[7],"1":[7],"2":[1,6],"3":[1,6],"4":[0,1],"5":[1,1]},"meta":{"lastBranch":6,"lastFunction":3,"lastStatement":17,"seen":{"f:17:16:17:22":0,"b:19:16:19:Infinity":0,"b:25:15:25:Infinity":1,"s:27:60:27:Infinity":0,"b:29:2:33:Infinity:undefined:undefined:undefined:undefined":2,"s:29:2:33:Infinity":1,"s:30:4:32:Infinity":2,"s:35:2:39:Infinity":3,"s:36:4:38:Infinity":4,"b:41:2:45:Infinity:undefined:undefined:undefined:undefined":3,"s:41:2:45:Infinity":5,"s:42:47:42:Infinity":6,"s:43:4:43:Infinity":7,"s:44:4:44:Infinity":8,"s:47:8:53:Infinity":9,"f:47:26:47:Infinity":1,"b:49:6:49:Infinity:undefined:undefined:undefined:undefined":4,"s:49:6:49:Infinity":10,"s:49:25:49:Infinity":11,"s:50:6:50:Infinity":12,"s:55:8:60:Infinity":13,"f:55:28:55:Infinity":2,"b:57:6:57:Infinity:undefined:undefined:undefined:undefined":5,"s:57:6:57:Infinity":14,"s:57:23:57:Infinity":15,"s:62:2:77:Infinity":16}}}
,"C:\\Users\\Nurali\\GoProjects\\Chess_nfac\\frontend\\src\\context\\GameContext.tsx": {"path":"C:\\Users\\Nurali\\GoProjects\\Chess_nfac\\frontend\\src\\context\\GameContext.tsx","statementMap":{"0":{"start":{"line":27,"column":32},"end":{"line":40,"column":null}},"1":{"start":{"line":43,"column":2},"end":{"line":78,"column":null}},"2":{"start":{"line":45,"column":6},"end":{"line":54,"column":null}},"3":{"start":{"line":56,"column":6},"end":{"line":61,"column":null}},"4":{"start":{"line":63,"column":22},"end":{"line":63,"column":null}},"5":{"start":{"line":64,"column":6},"end":{"line":70,"column":null}},"6":{"start":{"line":73,"column":6},"end":{"line":73,"column":null}},"7":{"start":{"line":75,"column":6},"end":{"line":75,"column":null}},"8":{"start":{"line":77,"column":6},"end":{"line":77,"column":null}},"9":{"start":{"line":87,"column":6},"end":{"line":87,"column":null}},"10":{"start":{"line":90,"column":16},"end":{"line":90,"column":null}},"11":{"start":{"line":91,"column":8},"end":{"line":91,"column":null}},"12":{"start":{"line":91,"column":38},"end":{"line":91,"column":67}},"13":{"start":{"line":92,"column":2},"end":{"line":95,"column":null}},"14":{"start":{"line":100,"column":8},"end":{"line":100,"column":null}},"15":{"start":{"line":101,"column":2},"end":{"line":101,"column":null}},"16":{"start":{"line":101,"column":12},"end":{"line":101,"column":null}},"17":{"start":{"line":102,"column":2},"end":{"line":102,"column":null}}},"fnMap":{"0":{"name":"reducer","decl":{"start":{"line":42,"column":9},"end":{"line":42,"column":17}},"loc":{"start":{"line":42,"column":66},"end":{"line":79,"column":null}},"line":42},"1":{"name":"GameProvider","decl":{"start":{"line":89,"column":16},"end":{"line":89,"column":29}},"loc":{"start":{"line":89,"column":68},"end":{"line":97,"column":null}},"line":89},"2":{"name":"(anonymous_2)","decl":{"start":{"line":91,"column":20},"end":{"line":91,"column":38}},"loc":{"start":{"line":91,"column":38},"end":{"line":91,"column":67}},"line":91},"3":{"name":"useGameContext","decl":{"start":{"line":99,"column":16},"end":{"line":99,"column":51}},"loc":{"start":{"line":99,"column":51},"end":{"line":103,"column":null}},"line":99}},"branchMap":{"0":{"loc":{"start":{"line":43,"column":2},"end":{"line":78,"column":null}},"type":"switch","locations":[{"start":{"line":44,"column":4},"end":{"line":54,"column":null}},{"start":{"line":55,"column":4},"end":{"line":61,"column":null}},{"start":{"line":62,"column":4},"end":{"line":71,"column":null}},{"start":{"line":72,"column":4},"end":{"line":73,"column":null}},{"start":{"line":74,"column":4},"end":{"line":75,"column":null}},{"start":{"line":76,"column":4},"end":{"line":77,"column":null}}],"line":43},"1":{"loc":{"start":{"line":63,"column":22},"end":{"line":63,"column":null}},"type":"cond-expr","locations":[{"start":{"line":63,"column":51},"end":{"line":63,"column":77}},{"start":{"line":63,"column":77},"end":{"line":63,"column":null}}],"line":63},"2":{"loc":{"start":{"line":101,"column":2},"end":{"line":101,"column":null}},"type":"if","locations":[{"start":{"line":101,"column":2},"end":{"line":101,"column":null}},{"start":{},"end":{}}],"line":101}},"s":{"0":1,"1":9,"2":3,"3":3,"4":2,"5":2,"6":0,"7":1,"8":0,"9":1,"10":17,"11":17,"12":0,"13":17,"14":19,"15":19,"16":2,"17":17},"f":{"0":9,"1":17,"2":0,"3":19},"b":{"0":[3,3,2,0,1,0],"1":[1,1],"2":[2,17]},"meta":{"lastBranch":3,"lastFunction":4,"lastStatement":18,"seen":{"s:27:32:40:Infinity":0,"f:42:9:42:17":0,"b:44:4:54:Infinity:55:4:61:Infinity:62:4:71:Infinity:72:4:73:Infinity:74:4:75:Infinity:76:4:77:Infinity":0,"s:43:2:78:Infinity":1,"s:45:6:54:Infinity":2,"s:56:6:61:Infinity":3,"s:63:22:63:Infinity":4,"b:63:51:63:77:63:77:63:Infinity":1,"s:64:6:70:Infinity":5,"s:73:6:73:Infinity":6,"s:75:6:75:Infinity":7,"s:77:6:77:Infinity":8,"s:87:6:87:Infinity":9,"f:89:16:89:29":1,"s:90:16:90:Infinity":10,"s:91:8:91:Infinity":11,"f:91:20:91:38":2,"s:91:38:91:67":12,"s:92:2:95:Infinity":13,"f:99:16:99:51":3,"s:100:8:100:Infinity":14,"b:101:2:101:Infinity:undefined:undefined:undefined:undefined":2,"s:101:2:101:Infinity":15,"s:101:12:101:Infinity":16,"s:102:2:102:Infinity":17}}}
,"C:\\Users\\Nurali\\GoProjects\\Chess_nfac\\frontend\\src\\hooks\\useChessBoard.ts": {"path":"C:\\Users\\Nurali\\GoProjects\\Chess_nfac\\frontend\\src\\hooks\\useChessBoard.ts","statementMap":{"0":{"start":{"line":15,"column":8},"end":{"line":15,"column":null}},"1":{"start":{"line":17,"column":2},"end":{"line":19,"column":null}},"2":{"start":{"line":18,"column":4},"end":{"line":18,"column":null}},"3":{"start":{"line":21,"column":21},"end":{"line":28,"column":null}},"4":{"start":{"line":21,"column":71},"end":{"line":28,"column":4}},"5":{"start":{"line":30,"column":8},"end":{"line":38,"column":null}},"6":{"start":{"line":31,"column":4},"end":{"line":37,"column":null}},"7":{"start":{"line":31,"column":27},"end":{"line":37,"column":6}},"8":{"start":{"line":40,"column":8},"end":{"line":48,"column":null}},"9":{"start":{"line":41,"column":18},"end":{"line":41,"column":null}},"10":{"start":{"line":42,"column":21},"end":{"line":42,"column":null}},"11":{"start":{"line":42,"column":62},"end":{"line":42,"column":66}},"12":{"start":{"line":43,"column":4},"end":{"line":47,"column":null}},"13":{"start":{"line":43,"column":27},"end":{"line":47,"column":6}},"14":{"start":{"line":50,"column":8},"end":{"line":59,"column":null}},"15":{"start":{"line":51,"column":19},"end":{"line":51,"column":null}},"16":{"start":{"line":52,"column":4},"end":{"line":52,"column":null}},"17":{"start":{"line":52,"column":17},"end":{"line":52,"column":null}},"18":{"start":{"line":53,"column":4},"end":{"line":57,"column":null}},"19":{"start":{"line":58,"column":4},"end":{"line":58,"column":null}},"20":{"start":{"line":61,"column":8},"end":{"line":64,"column":null}},"21":{"start":{"line":62,"column":4},"end":{"line":62,"column":null}},"22":{"start":{"line":63,"column":4},"end":{"line":63,"column":null}},"23":{"start":{"line":66,"column":8},"end":{"line":71,"column":null}},"24":{"start":{"line":67,"column":4},"end":{"line":67,"column":null}},"25":{"start":{"line":68,"column":17},"end":{"line":68,"column":null}},"26":{"start":{"line":69,"column":15},"end":{"line":69,"column":null}},"27":{"start":{"line":70,"column":4},"end":{"line":70,"column":null}},"28":{"start":{"line":73,"column":8},"end":{"line":73,"column":null}},"29":{"start":{"line":73,"column":43},"end":{"line":73,"column":71}},"30":{"start":{"line":74,"column":8},"end":{"line":74,"column":null}},"31":{"start":{"line":74,"column":39},"end":{"line":74,"column":70}},"32":{"start":{"line":75,"column":8},"end":{"line":78,"column":null}},"33":{"start":{"line":76,"column":4},"end":{"line":76,"column":null}},"34":{"start":{"line":77,"column":4},"end":{"line":77,"column":null}},"35":{"start":{"line":80,"column":2},"end":{"line":89,"column":null}}},"fnMap":{"0":{"name":"useChessBoard","decl":{"start":{"line":14,"column":16},"end":{"line":14,"column":30}},"loc":{"start":{"line":14,"column":51},"end":{"line":90,"column":null}},"line":14},"1":{"name":"(anonymous_1)","decl":{"start":{"line":21,"column":38},"end":{"line":21,"column":71}},"loc":{"start":{"line":21,"column":71},"end":{"line":28,"column":4}},"line":21},"2":{"name":"(anonymous_2)","decl":{"start":{"line":30,"column":20},"end":{"line":30,"column":33}},"loc":{"start":{"line":30,"column":70},"end":{"line":38,"column":5}},"line":30},"3":{"name":"(anonymous_3)","decl":{"start":{"line":31,"column":4},"end":{"line":31,"column":18}},"loc":{"start":{"line":31,"column":27},"end":{"line":37,"column":6}},"line":31},"4":{"name":"(anonymous_4)","decl":{"start":{"line":40,"column":23},"end":{"line":40,"column":36}},"loc":{"start":{"line":40,"column":55},"end":{"line":48,"column":5}},"line":40},"5":{"name":"(anonymous_5)","decl":{"start":{"line":42,"column":53},"end":{"line":42,"column":57}},"loc":{"start":{"line":42,"column":62},"end":{"line":42,"column":66}},"line":42},"6":{"name":"(anonymous_6)","decl":{"start":{"line":43,"column":4},"end":{"line":43,"column":18}},"loc":{"start":{"line":43,"column":27},"end":{"line":47,"column":6}},"line":43},"7":{"name":"(anonymous_7)","decl":{"start":{"line":50,"column":19},"end":{"line":50,"column":32}},"loc":{"start":{"line":50,"column":90},"end":{"line":59,"column":5}},"line":50},"8":{"name":"(anonymous_8)","decl":{"start":{"line":61,"column":23},"end":{"line":61,"column":36}},"loc":{"start":{"line":61,"column":52},"end":{"line":64,"column":5}},"line":61},"9":{"name":"(anonymous_9)","decl":{"start":{"line":66,"column":26},"end":{"line":66,"column":39}},"loc":{"start":{"line":66,"column":69},"end":{"line":71,"column":5}},"line":66},"10":{"name":"(anonymous_10)","decl":{"start":{"line":73,"column":18},"end":{"line":73,"column":43}},"loc":{"start":{"line":73,"column":43},"end":{"line":73,"column":71}},"line":73},"11":{"name":"(anonymous_11)","decl":{"start":{"line":74,"column":21},"end":{"line":74,"column":39}},"loc":{"start":{"line":74,"column":39},"end":{"line":74,"column":70}},"line":74},"12":{"name":"(anonymous_12)","decl":{"start":{"line":75,"column":16},"end":{"line":75,"column":34}},"loc":{"start":{"line":75,"column":34},"end":{"line":78,"column":5}},"line":75}},"branchMap":{"0":{"loc":{"start":{"line":17,"column":2},"end":{"line":19,"column":null}},"type":"if","locations":[{"start":{"line":17,"column":2},"end":{"line":19,"column":null}},{"start":{},"end":{}}],"line":17},"1":{"loc":{"start":{"line":45,"column":22},"end":{"line":45,"column":null}},"type":"cond-expr","locations":[{"start":{"line":45,"column":43},"end":{"line":45,"column":52}},{"start":{"line":45,"column":52},"end":{"line":45,"column":null}}],"line":45},"2":{"loc":{"start":{"line":52,"column":4},"end":{"line":52,"column":null}},"type":"if","locations":[{"start":{"line":52,"column":4},"end":{"line":52,"column":null}},{"start":{},"end":{}}],"line":52}},"s":{"0":17,"1":17,"2":0,"3":17,"4":9,"5":17,"6":6,"7":6,"8":17,"9":2,"10":2,"11":2,"12":2,"13":2,"14":17,"15":4,"16":4,"17":1,"18":3,"19":3,"20":17,"21":1,"22":1,"23":17,"24":1,"25":1,"26":1,"27":1,"28":17,"29":1,"30":17,"31":0,"32":17,"33":1,"34":1,"35":17},"f":{"0":17,"1":9,"2":6,"3":6,"4":2,"5":2,"6":2,"7":4,"8":1,"9":1,"10":1,"11":0,"12":1},"b":{"0":[0,17],"1":[1,1],"2":[1,3]},"meta":{"lastBranch":3,"lastFunction":13,"lastStatement":36,"seen":{"f:14:16:14:30":0,"s:15:8:15:Infinity":0,"b:17:2:19:Infinity:undefined:undefined:undefined:undefined":0,"s:17:2:19:Infinity":1,"s:18:4:18:Infinity":2,"s:21:21:28:Infinity":3,"f:21:38:21:71":1,"s:21:71:28:4":4,"s:30:8:38:Infinity":5,"f:30:20:30:33":2,"s:31:4:37:Infinity":6,"f:31:4:31:18":3,"s:31:27:37:6":7,"s:40:8:48:Infinity":8,"f:40:23:40:36":4,"s:41:18:41:Infinity":9,"s:42:21:42:Infinity":10,"f:42:53:42:57":5,"s:42:62:42:66":11,"s:43:4:47:Infinity":12,"f:43:4:43:18":6,"s:43:27:47:6":13,"b:45:43:45:52:45:52:45:Infinity":1,"s:50:8:59:Infinity":14,"f:50:19:50:32":7,"s:51:19:51:Infinity":15,"b:52:4:52:Infinity:undefined:undefined:undefined:undefined":2,"s:52:4:52:Infinity":16,"s:52:17:52:Infinity":17,"s:53:4:57:Infinity":18,"s:58:4:58:Infinity":19,"s:61:8:64:Infinity":20,"f:61:23:61:36":8,"s:62:4:62:Infinity":21,"s:63:4:63:Infinity":22,"s:66:8:71:Infinity":23,"f:66:26:66:39":9,"s:67:4:67:Infinity":24,"s:68:17:68:Infinity":25,"s:69:15:69:Infinity":26,"s:70:4:70:Infinity":27,"s:73:8:73:Infinity":28,"f:73:18:73:43":10,"s:73:43:73:71":29,"s:74:8:74:Infinity":30,"f:74:21:74:39":11,"s:74:39:74:70":31,"s:75:8:78:Infinity":32,"f:75:16:75:34":12,"s:76:4:76:Infinity":33,"s:77:4:77:Infinity":34,"s:80:2:89:Infinity":35}}}
,"C:\\Users\\Nurali\\GoProjects\\Chess_nfac\\frontend\\src\\hooks\\useEvaluation.ts": {"path":"C:\\Users\\Nurali\\GoProjects\\Chess_nfac\\frontend\\src\\hooks\\useEvaluation.ts","statementMap":{"0":{"start":{"line":5,"column":22},"end":{"line":5,"column":null}},"1":{"start":{"line":7,"column":8},"end":{"line":13,"column":null}},"2":{"start":{"line":8,"column":4},"end":{"line":12,"column":null}},"3":{"start":{"line":9,"column":23},"end":{"line":9,"column":null}},"4":{"start":{"line":9,"column":40},"end":{"line":9,"column":73}},"5":{"start":{"line":10,"column":21},"end":{"line":10,"column":null}},"6":{"start":{"line":10,"column":57},"end":{"line":10,"column":84}},"7":{"start":{"line":11,"column":6},"end":{"line":11,"column":null}},"8":{"start":{"line":15,"column":8},"end":{"line":15,"column":null}},"9":{"start":{"line":15,"column":34},"end":{"line":15,"column":54}},"10":{"start":{"line":17,"column":2},"end":{"line":17,"column":null}}},"fnMap":{"0":{"name":"useEvaluation","decl":{"start":{"line":4,"column":16},"end":{"line":4,"column":32}},"loc":{"start":{"line":4,"column":32},"end":{"line":18,"column":null}},"line":4},"1":{"name":"(anonymous_1)","decl":{"start":{"line":7,"column":18},"end":{"line":7,"column":31}},"loc":{"start":{"line":7,"column":52},"end":{"line":13,"column":5}},"line":7},"2":{"name":"(anonymous_2)","decl":{"start":{"line":8,"column":4},"end":{"line":8,"column":19}},"loc":{"start":{"line":8,"column":27},"end":{"line":12,"column":5}},"line":8},"3":{"name":"(anonymous_3)","decl":{"start":{"line":9,"column":28},"end":{"line":9,"column":35}},"loc":{"start":{"line":9,"column":40},"end":{"line":9,"column":73}},"line":9},"4":{"name":"(anonymous_4)","decl":{"start":{"line":10,"column":42},"end":{"line":10,"column":48}},"loc":{"start":{"line":10,"column":57},"end":{"line":10,"column":84}},"line":10},"5":{"name":"(anonymous_5)","decl":{"start":{"line":15,"column":16},"end":{"line":15,"column":34}},"loc":{"start":{"line":15,"column":34},"end":{"line":15,"column":54}},"line":15}},"branchMap":{"0":{"loc":{"start":{"line":11,"column":13},"end":{"line":11,"column":null}},"type":"cond-expr","locations":[{"start":{"line":11,"column":35},"end":{"line":11,"column":71}},{"start":{"line":11,"column":71},"end":{"line":11,"column":null}}],"line":11}},"s":{"0":15,"1":15,"2":208,"3":208,"4":20104,"5":208,"6":20105,"7":208,"8":15,"9":1,"10":15},"f":{"0":15,"1":208,"2":208,"3":20104,"4":20105,"5":1},"b":{"0":[1,207]},"meta":{"lastBranch":1,"lastFunction":6,"lastStatement":11,"seen":{"f:4:16:4:32":0,"s:5:22:5:Infinity":0,"s:7:8:13:Infinity":1,"f:7:18:7:31":1,"s:8:4:12:Infinity":2,"f:8:4:8:19":2,"s:9:23:9:Infinity":3,"f:9:28:9:35":3,"s:9:40:9:73":4,"s:10:21:10:Infinity":5,"f:10:42:10:48":4,"s:10:57:10:84":6,"s:11:6:11:Infinity":7,"b:11:35:11:71:11:71:11:Infinity":0,"s:15:8:15:Infinity":8,"f:15:16:15:34":5,"s:15:34:15:54":9,"s:17:2:17:Infinity":10}}}
,"C:\\Users\\Nurali\\GoProjects\\Chess_nfac\\frontend\\src\\hooks\\useStockfish.ts": {"path":"C:\\Users\\Nurali\\GoProjects\\Chess_nfac\\frontend\\src\\hooks\\useStockfish.ts","statementMap":{"0":{"start":{"line":12,"column":8},"end":{"line":12,"column":null}},"1":{"start":{"line":13,"column":8},"end":{"line":13,"column":null}},"2":{"start":{"line":14,"column":8},"end":{"line":14,"column":null}},"3":{"start":{"line":15,"column":8},"end":{"line":15,"column":null}},"4":{"start":{"line":16,"column":16},"end":{"line":16,"column":null}},"5":{"start":{"line":18,"column":2},"end":{"line":61,"column":null}},"6":{"start":{"line":20,"column":4},"end":{"line":55,"column":null}},"7":{"start":{"line":21,"column":6},"end":{"line":21,"column":null}},"8":{"start":{"line":22,"column":6},"end":{"line":22,"column":null}},"9":{"start":{"line":24,"column":6},"end":{"line":50,"column":null}},"10":{"start":{"line":25,"column":21},"end":{"line":25,"column":null}},"11":{"start":{"line":26,"column":8},"end":{"line":49,"column":null}},"12":{"start":{"line":27,"column":10},"end":{"line":27,"column":null}},"13":{"start":{"line":28,"column":15},"end":{"line":49,"column":null}},"14":{"start":{"line":29,"column":10},"end":{"line":29,"column":null}},"15":{"start":{"line":29,"column":28},"end":{"line":29,"column":55}},"16":{"start":{"line":30,"column":15},"end":{"line":49,"column":null}},"17":{"start":{"line":31,"column":24},"end":{"line":31,"column":null}},"18":{"start":{"line":32,"column":10},"end":{"line":34,"column":null}},"19":{"start":{"line":33,"column":12},"end":{"line":33,"column":null}},"20":{"start":{"line":33,"column":30},"end":{"line":33,"column":62}},"21":{"start":{"line":35,"column":15},"end":{"line":49,"column":null}},"22":{"start":{"line":36,"column":29},"end":{"line":36,"column":null}},"23":{"start":{"line":37,"column":26},"end":{"line":37,"column":null}},"24":{"start":{"line":38,"column":28},"end":{"line":38,"column":null}},"25":{"start":{"line":39,"column":10},"end":{"line":48,"column":null}},"26":{"start":{"line":40,"column":26},"end":{"line":40,"column":null}},"27":{"start":{"line":41,"column":24},"end":{"line":41,"column":null}},"28":{"start":{"line":42,"column":38},"end":{"line":42,"column":null}},"29":{"start":{"line":43,"column":12},"end":{"line":43,"column":null}},"30":{"start":{"line":43,"column":25},"end":{"line":43,"column":null}},"31":{"start":{"line":44,"column":12},"end":{"line":44,"column":null}},"32":{"start":{"line":44,"column":29},"end":{"line":44,"column":60}},"33":{"start":{"line":44,"column":60},"end":{"line":44,"column":88}},"34":{"start":{"line":45,"column":41},"end":{"line":45,"column":null}},"35":{"start":{"line":46,"column":12},"end":{"line":46,"column":null}},"36":{"start":{"line":46,"column":30},"end":{"line":46,"column":66}},"37":{"start":{"line":47,"column":12},"end":{"line":47,"column":null}},"38":{"start":{"line":47,"column":49},"end":{"line":47,"column":61}},"39":{"start":{"line":52,"column":6},"end":{"line":52,"column":null}},"40":{"start":{"line":57,"column":4},"end":{"line":60,"column":null}},"41":{"start":{"line":58,"column":6},"end":{"line":58,"column":null}},"42":{"start":{"line":59,"column":6},"end":{"line":59,"column":null}},"43":{"start":{"line":63,"column":8},"end":{"line":77,"column":null}},"44":{"start":{"line":64,"column":19},"end":{"line":64,"column":null}},"45":{"start":{"line":65,"column":4},"end":{"line":69,"column":null}},"46":{"start":{"line":66,"column":6},"end":{"line":66,"column":null}},"47":{"start":{"line":66,"column":24},"end":{"line":66,"column":57}},"48":{"start":{"line":67,"column":6},"end":{"line":67,"column":null}},"49":{"start":{"line":67,"column":43},"end":{"line":67,"column":52}},"50":{"start":{"line":68,"column":6},"end":{"line":68,"column":null}},"51":{"start":{"line":71,"column":4},"end":{"line":71,"column":null}},"52":{"start":{"line":71,"column":29},"end":{"line":71,"column":null}},"53":{"start":{"line":72,"column":4},"end":{"line":76,"column":null}},"54":{"start":{"line":73,"column":6},"end":{"line":73,"column":null}},"55":{"start":{"line":73,"column":48},"end":{"line":73,"column":null}},"56":{"start":{"line":74,"column":6},"end":{"line":74,"column":null}},"57":{"start":{"line":75,"column":6},"end":{"line":75,"column":null}},"58":{"start":{"line":79,"column":8},"end":{"line":84,"column":null}},"59":{"start":{"line":80,"column":4},"end":{"line":80,"column":null}},"60":{"start":{"line":81,"column":4},"end":{"line":83,"column":null}},"61":{"start":{"line":82,"column":6},"end":{"line":82,"column":null}},"62":{"start":{"line":82,"column":68},"end":{"line":82,"column":81}},"63":{"start":{"line":86,"column":8},"end":{"line":88,"column":null}},"64":{"start":{"line":87,"column":4},"end":{"line":87,"column":null}},"65":{"start":{"line":90,"column":2},"end":{"line":90,"column":null}}},"fnMap":{"0":{"name":"useStockfish","decl":{"start":{"line":11,"column":16},"end":{"line":11,"column":31}},"loc":{"start":{"line":11,"column":31},"end":{"line":91,"column":null}},"line":11},"1":{"name":"(anonymous_1)","decl":{"start":{"line":18,"column":2},"end":{"line":18,"column":18}},"loc":{"start":{"line":18,"column":18},"end":{"line":61,"column":5}},"line":18},"2":{"name":"(anonymous_2)","decl":{"start":{"line":24,"column":13},"end":{"line":24,"column":26}},"loc":{"start":{"line":24,"column":54},"end":{"line":50,"column":null}},"line":24},"3":{"name":"(anonymous_3)","decl":{"start":{"line":29,"column":10},"end":{"line":29,"column":19}},"loc":{"start":{"line":29,"column":28},"end":{"line":29,"column":55}},"line":29},"4":{"name":"(anonymous_4)","decl":{"start":{"line":33,"column":12},"end":{"line":33,"column":21}},"loc":{"start":{"line":33,"column":30},"end":{"line":33,"column":62}},"line":33},"5":{"name":"(anonymous_5)","decl":{"start":{"line":46,"column":12},"end":{"line":46,"column":21}},"loc":{"start":{"line":46,"column":30},"end":{"line":46,"column":66}},"line":46},"6":{"name":"(anonymous_6)","decl":{"start":{"line":47,"column":36},"end":{"line":47,"column":44}},"loc":{"start":{"line":47,"column":49},"end":{"line":47,"column":61}},"line":47},"7":{"name":"(anonymous_7)","decl":{"start":{"line":57,"column":4},"end":{"line":57,"column":17}},"loc":{"start":{"line":57,"column":17},"end":{"line":60,"column":null}},"line":57},"8":{"name":"(anonymous_8)","decl":{"start":{"line":63,"column":18},"end":{"line":63,"column":31}},"loc":{"start":{"line":63,"column":59},"end":{"line":77,"column":5}},"line":63},"9":{"name":"(anonymous_9)","decl":{"start":{"line":66,"column":6},"end":{"line":66,"column":15}},"loc":{"start":{"line":66,"column":24},"end":{"line":66,"column":57}},"line":66},"10":{"name":"(anonymous_10)","decl":{"start":{"line":67,"column":30},"end":{"line":67,"column":38}},"loc":{"start":{"line":67,"column":43},"end":{"line":67,"column":52}},"line":67},"11":{"name":"(anonymous_11)","decl":{"start":{"line":72,"column":26},"end":{"line":72,"column":43}},"loc":{"start":{"line":72,"column":43},"end":{"line":76,"column":7}},"line":72},"12":{"name":"(anonymous_12)","decl":{"start":{"line":79,"column":17},"end":{"line":79,"column":30}},"loc":{"start":{"line":79,"column":66},"end":{"line":84,"column":5}},"line":79},"13":{"name":"(anonymous_13)","decl":{"start":{"line":81,"column":4},"end":{"line":81,"column":17}},"loc":{"start":{"line":81,"column":17},"end":{"line":83,"column":null}},"line":81},"14":{"name":"(anonymous_14)","decl":{"start":{"line":82,"column":56},"end":{"line":82,"column":63}},"loc":{"start":{"line":82,"column":68},"end":{"line":82,"column":81}},"line":82},"15":{"name":"(anonymous_15)","decl":{"start":{"line":86,"column":15},"end":{"line":86,"column":33}},"loc":{"start":{"line":86,"column":33},"end":{"line":88,"column":5}},"line":86}},"branchMap":{"0":{"loc":{"start":{"line":26,"column":8},"end":{"line":49,"column":null}},"type":"if","locations":[{"start":{"line":26,"column":8},"end":{"line":49,"column":null}},{"start":{"line":28,"column":15},"end":{"line":49,"column":null}}],"line":26},"1":{"loc":{"start":{"line":28,"column":15},"end":{"line":49,"column":null}},"type":"if","locations":[{"start":{"line":28,"column":15},"end":{"line":49,"column":null}},{"start":{"line":30,"column":15},"end":{"line":49,"column":null}}],"line":28},"2":{"loc":{"start":{"line":30,"column":15},"end":{"line":49,"column":null}},"type":"if","locations":[{"start":{"line":30,"column":15},"end":{"line":49,"column":null}},{"start":{"line":35,"column":15},"end":{"line":49,"column":null}}],"line":30},"3":{"loc":{"start":{"line":32,"column":10},"end":{"line":34,"column":null}},"type":"if","locations":[{"start":{"line":32,"column":10},"end":{"line":34,"column":null}},{"start":{},"end":{}}],"line":32},"4":{"loc":{"start":{"line":32,"column":14},"end":{"line":32,"column":49}},"type":"binary-expr","locations":[{"start":{"line":32,"column":14},"end":{"line":32,"column":26}},{"start":{"line":32,"column":26},"end":{"line":32,"column":49}}],"line":32},"5":{"loc":{"start":{"line":35,"column":15},"end":{"line":49,"column":null}},"type":"if","locations":[{"start":{"line":35,"column":15},"end":{"line":49,"column":null}},{"start":{},"end":{}}],"line":35},"6":{"loc":{"start":{"line":39,"column":10},"end":{"line":48,"column":null}},"type":"if","locations":[{"start":{"line":39,"column":10},"end":{"line":48,"column":null}},{"start":{},"end":{}}],"line":39},"7":{"loc":{"start":{"line":43,"column":12},"end":{"line":43,"column":null}},"type":"if","locations":[{"start":{"line":43,"column":12},"end":{"line":43,"column":null}},{"start":{},"end":{}}],"line":43},"8":{"loc":{"start":{"line":44,"column":12},"end":{"line":44,"column":null}},"type":"if","locations":[{"start":{"line":44,"column":12},"end":{"line":44,"column":null}},{"start":{},"end":{}}],"line":44},"9":{"loc":{"start":{"line":44,"column":68},"end":{"line":44,"column":88}},"type":"cond-expr","locations":[{"start":{"line":44,"column":79},"end":{"line":44,"column":84}},{"start":{"line":44,"column":84},"end":{"line":44,"column":88}}],"line":44},"10":{"loc":{"start":{"line":63,"column":44},"end":{"line":63,"column":59}},"type":"default-arg","locations":[{"start":{"line":63,"column":52},"end":{"line":63,"column":59}}],"line":63},"11":{"loc":{"start":{"line":65,"column":4},"end":{"line":69,"column":null}},"type":"if","locations":[{"start":{"line":65,"column":4},"end":{"line":69,"column":null}},{"start":{},"end":{}}],"line":65},"12":{"loc":{"start":{"line":71,"column":4},"end":{"line":71,"column":null}},"type":"if","locations":[{"start":{"line":71,"column":4},"end":{"line":71,"column":null}},{"start":{},"end":{}}],"line":71},"13":{"loc":{"start":{"line":73,"column":6},"end":{"line":73,"column":null}},"type":"if","locations":[{"start":{"line":73,"column":6},"end":{"line":73,"column":null}},{"start":{},"end":{}}],"line":73},"14":{"loc":{"start":{"line":73,"column":10},"end":{"line":73,"column":48}},"type":"binary-expr","locations":[{"start":{"line":73,"column":10},"end":{"line":73,"column":32}},{"start":{"line":73,"column":32},"end":{"line":73,"column":48}}],"line":73}},"s":{"0":20,"1":20,"2":20,"3":20,"4":20,"5":20,"6":10,"7":10,"8":10,"9":10,"10":16,"11":16,"12":6,"13":10,"14":6,"15":6,"16":4,"17":0,"18":0,"19":0,"20":0,"21":4,"22":4,"23":4,"24":4,"25":4,"26":4,"27":4,"28":4,"29":4,"30":3,"31":4,"32":1,"33":1,"34":4,"35":4,"36":4,"37":4,"38":1,"39":10,"40":10,"41":10,"42":10,"43":20,"44":2,"45":2,"46":0,"47":0,"48":0,"49":0,"50":0,"51":2,"52":0,"53":2,"54":2,"55":0,"56":2,"57":2,"58":20,"59":2,"60":2,"61":1,"62":1,"63":20,"64":1,"65":20},"f":{"0":20,"1":10,"2":16,"3":6,"4":0,"5":4,"6":1,"7":10,"8":2,"9":0,"10":0,"11":2,"12":2,"13":1,"14":1,"15":1},"b":{"0":[6,10],"1":[6,4],"2":[0,4],"3":[0,0],"4":[0,0],"5":[4,0],"6":[4,0],"7":[3,1],"8":[1,3],"9":[1,0],"10":[2],"11":[0,2],"12":[0,2],"13":[0,2],"14":[2,2]},"meta":{"lastBranch":15,"lastFunction":16,"lastStatement":66,"seen":{"f:11:16:11:31":0,"s:12:8:12:Infinity":0,"s:13:8:13:Infinity":1,"s:14:8:14:Infinity":2,"s:15:8:15:Infinity":3,"s:16:16:16:Infinity":4,"s:18:2:61:Infinity":5,"f:18:2:18:18":1,"s:20:4:55:Infinity":6,"s:21:6:21:Infinity":7,"s:22:6:22:Infinity":8,"s:24:6:50:Infinity":9,"f:24:13:24:26":2,"s:25:21:25:Infinity":10,"b:26:8:49:Infinity:28:15:49:Infinity":0,"s:26:8:49:Infinity":11,"s:27:10:27:Infinity":12,"b:28:15:49:Infinity:30:15:49:Infinity":1,"s:28:15:49:Infinity":13,"s:29:10:29:Infinity":14,"f:29:10:29:19":3,"s:29:28:29:55":15,"b:30:15:49:Infinity:35:15:49:Infinity":2,"s:30:15:49:Infinity":16,"s:31:24:31:Infinity":17,"b:32:10:34:Infinity:undefined:undefined:undefined:undefined":3,"s:32:10:34:Infinity":18,"b:32:14:32:26:32:26:32:49":4,"s:33:12:33:Infinity":19,"f:33:12:33:21":4,"s:33:30:33:62":20,"b:35:15:49:Infinity:undefined:undefined:undefined:undefined":5,"s:35:15:49:Infinity":21,"s:36:29:36:Infinity":22,"s:37:26:37:Infinity":23,"s:38:28:38:Infinity":24,"b:39:10:48:Infinity:undefined:undefined:undefined:undefined":6,"s:39:10:48:Infinity":25,"s:40:26:40:Infinity":26,"s:41:24:41:Infinity":27,"s:42:38:42:Infinity":28,"b:43:12:43:Infinity:undefined:undefined:undefined:undefined":7,"s:43:12:43:Infinity":29,"s:43:25:43:Infinity":30,"b:44:12:44:Infinity:undefined:undefined:undefined:undefined":8,"s:44:12:44:Infinity":31,"s:44:29:44:60":32,"s:44:60:44:88":33,"b:44:79:44:84:44:84:44:88":9,"s:45:41:45:Infinity":34,"s:46:12:46:Infinity":35,"f:46:12:46:21":5,"s:46:30:46:66":36,"s:47:12:47:Infinity":37,"f:47:36:47:44":6,"s:47:49:47:61":38,"s:52:6:52:Infinity":39,"s:57:4:60:Infinity":40,"f:57:4:57:17":7,"s:58:6:58:Infinity":41,"s:59:6:59:Infinity":42,"s:63:8:77:Infinity":43,"f:63:18:63:31":8,"b:63:52:63:59":10,"s:64:19:64:Infinity":44,"b:65:4:69:Infinity:undefined:undefined:undefined:undefined":11,"s:65:4:69:Infinity":45,"s:66:6:66:Infinity":46,"f:66:6:66:15":9,"s:66:24:66:57":47,"s:67:6:67:Infinity":48,"f:67:30:67:38":10,"s:67:43:67:52":49,"s:68:6:68:Infinity":50,"b:71:4:71:Infinity:undefined:undefined:undefined:undefined":12,"s:71:4:71:Infinity":51,"s:71:29:71:Infinity":52,"s:72:4:76:Infinity":53,"f:72:26:72:43":11,"b:73:6:73:Infinity:undefined:undefined:undefined:undefined":13,"s:73:6:73:Infinity":54,"b:73:10:73:32:73:32:73:48":14,"s:73:48:73:Infinity":55,"s:74:6:74:Infinity":56,"s:75:6:75:Infinity":57,"s:79:8:84:Infinity":58,"f:79:17:79:30":12,"s:80:4:80:Infinity":59,"s:81:4:83:Infinity":60,"f:81:4:81:17":13,"s:82:6:82:Infinity":61,"f:82:56:82:63":14,"s:82:68:82:81":62,"s:86:8:88:Infinity":63,"f:86:15:86:33":15,"s:87:4:87:Infinity":64,"s:90:2:90:Infinity":65}}}
,"C:\\Users\\Nurali\\GoProjects\\Chess_nfac\\frontend\\src\\lib\\websocket.ts": {"path":"C:\\Users\\Nurali\\GoProjects\\Chess_nfac\\frontend\\src\\lib\\websocket.ts","statementMap":{"0":{"start":{"line":17,"column":33},"end":{"line":17,"column":null}},"1":{"start":{"line":19,"column":46},"end":{"line":19,"column":null}},"2":{"start":{"line":20,"column":50},"end":{"line":20,"column":null}},"3":{"start":{"line":21,"column":27},"end":{"line":21,"column":null}},"4":{"start":{"line":22,"column":67},"end":{"line":22,"column":null}},"5":{"start":{"line":23,"column":69},"end":{"line":23,"column":null}},"6":{"start":{"line":24,"column":35},"end":{"line":24,"column":null}},"7":{"start":{"line":27,"column":4},"end":{"line":27,"column":null}},"8":{"start":{"line":34,"column":4},"end":{"line":36,"column":null}},"9":{"start":{"line":35,"column":6},"end":{"line":35,"column":null}},"10":{"start":{"line":38,"column":4},"end":{"line":38,"column":null}},"11":{"start":{"line":40,"column":4},"end":{"line":75,"column":null}},"12":{"start":{"line":41,"column":6},"end":{"line":41,"column":null}},"13":{"start":{"line":43,"column":6},"end":{"line":48,"column":null}},"14":{"start":{"line":44,"column":8},"end":{"line":44,"column":null}},"15":{"start":{"line":45,"column":8},"end":{"line":45,"column":null}},"16":{"start":{"line":46,"column":8},"end":{"line":46,"column":null}},"17":{"start":{"line":47,"column":8},"end":{"line":47,"column":null}},"18":{"start":{"line":50,"column":6},"end":{"line":57,"column":null}},"19":{"start":{"line":51,"column":8},"end":{"line":56,"column":null}},"20":{"start":{"line":52,"column":37},"end":{"line":52,"column":null}},"21":{"start":{"line":53,"column":10},"end":{"line":53,"column":null}},"22":{"start":{"line":53,"column":52},"end":{"line":53,"column":68}},"23":{"start":{"line":55,"column":10},"end":{"line":55,"column":null}},"24":{"start":{"line":59,"column":6},"end":{"line":61,"column":null}},"25":{"start":{"line":60,"column":8},"end":{"line":60,"column":null}},"26":{"start":{"line":63,"column":6},"end":{"line":71,"column":null}},"27":{"start":{"line":64,"column":8},"end":{"line":64,"column":null}},"28":{"start":{"line":65,"column":8},"end":{"line":65,"column":null}},"29":{"start":{"line":66,"column":8},"end":{"line":66,"column":null}},"30":{"start":{"line":68,"column":8},"end":{"line":70,"column":null}},"31":{"start":{"line":69,"column":10},"end":{"line":69,"column":null}},"32":{"start":{"line":73,"column":6},"end":{"line":73,"column":null}},"33":{"start":{"line":74,"column":6},"end":{"line":74,"column":null}},"34":{"start":{"line":82,"column":4},"end":{"line":82,"column":null}},"35":{"start":{"line":83,"column":4},"end":{"line":83,"column":null}},"36":{"start":{"line":85,"column":4},"end":{"line":88,"column":null}},"37":{"start":{"line":86,"column":6},"end":{"line":86,"column":null}},"38":{"start":{"line":87,"column":6},"end":{"line":87,"column":null}},"39":{"start":{"line":90,"column":4},"end":{"line":93,"column":null}},"40":{"start":{"line":91,"column":6},"end":{"line":91,"column":null}},"41":{"start":{"line":92,"column":6},"end":{"line":92,"column":null}},"42":{"start":{"line":95,"column":4},"end":{"line":95,"column":null}},"43":{"start":{"line":102,"column":4},"end":{"line":110,"column":null}},"44":{"start":{"line":103,"column":6},"end":{"line":107,"column":null}},"45":{"start":{"line":104,"column":8},"end":{"line":104,"column":null}},"46":{"start":{"line":106,"column":8},"end":{"line":106,"column":null}},"47":{"start":{"line":109,"column":6},"end":{"line":109,"column":null}},"48":{"start":{"line":117,"column":4},"end":{"line":117,"column":null}},"49":{"start":{"line":119,"column":4},"end":{"line":121,"column":null}},"50":{"start":{"line":120,"column":6},"end":{"line":120,"column":null}},"51":{"start":{"line":120,"column":64},"end":{"line":120,"column":77}},"52":{"start":{"line":128,"column":4},"end":{"line":128,"column":null}},"53":{"start":{"line":130,"column":4},"end":{"line":132,"column":null}},"54":{"start":{"line":131,"column":6},"end":{"line":131,"column":null}},"55":{"start":{"line":131,"column":62},"end":{"line":131,"column":75}},"56":{"start":{"line":139,"column":4},"end":{"line":139,"column":null}},"57":{"start":{"line":146,"column":4},"end":{"line":148,"column":null}},"58":{"start":{"line":147,"column":6},"end":{"line":147,"column":null}},"59":{"start":{"line":150,"column":4},"end":{"line":152,"column":null}},"60":{"start":{"line":151,"column":6},"end":{"line":151,"column":null}},"61":{"start":{"line":154,"column":4},"end":{"line":156,"column":null}},"62":{"start":{"line":158,"column":4},"end":{"line":165,"column":null}},"63":{"start":{"line":159,"column":6},"end":{"line":159,"column":null}},"64":{"start":{"line":160,"column":6},"end":{"line":163,"column":null}},"65":{"start":{"line":164,"column":6},"end":{"line":164,"column":null}},"66":{"start":{"line":172,"column":4},"end":{"line":172,"column":null}},"67":{"start":{"line":173,"column":4},"end":{"line":177,"column":null}},"68":{"start":{"line":174,"column":6},"end":{"line":176,"column":null}},"69":{"start":{"line":175,"column":8},"end":{"line":175,"column":null}},"70":{"start":{"line":184,"column":4},"end":{"line":187,"column":null}},"71":{"start":{"line":185,"column":6},"end":{"line":185,"column":null}},"72":{"start":{"line":186,"column":6},"end":{"line":186,"column":null}},"73":{"start":{"line":194,"column":4},"end":{"line":194,"column":null}},"74":{"start":{"line":194,"column":45},"end":{"line":194,"column":63}}},"fnMap":{"0":{"name":"(anonymous_0)","decl":{"start":{"line":26,"column":2},"end":{"line":26,"column":14}},"loc":{"start":{"line":26,"column":27},"end":{"line":28,"column":null}},"line":26},"1":{"name":"(anonymous_1)","decl":{"start":{"line":33,"column":2},"end":{"line":33,"column":9}},"loc":{"start":{"line":33,"column":25},"end":{"line":76,"column":null}},"line":33},"2":{"name":"(anonymous_2)","decl":{"start":{"line":43,"column":14},"end":{"line":43,"column":29}},"loc":{"start":{"line":43,"column":29},"end":{"line":48,"column":null}},"line":43},"3":{"name":"(anonymous_3)","decl":{"start":{"line":50,"column":14},"end":{"line":50,"column":27}},"loc":{"start":{"line":50,"column":37},"end":{"line":57,"column":null}},"line":50},"4":{"name":"(anonymous_4)","decl":{"start":{"line":53,"column":31},"end":{"line":53,"column":40}},"loc":{"start":{"line":53,"column":52},"end":{"line":53,"column":68}},"line":53},"5":{"name":"(anonymous_5)","decl":{"start":{"line":59,"column":14},"end":{"line":59,"column":25}},"loc":{"start":{"line":59,"column":35},"end":{"line":61,"column":null}},"line":59},"6":{"name":"(anonymous_6)","decl":{"start":{"line":63,"column":14},"end":{"line":63,"column":30}},"loc":{"start":{"line":63,"column":30},"end":{"line":71,"column":null}},"line":63},"7":{"name":"(anonymous_7)","decl":{"start":{"line":81,"column":2},"end":{"line":81,"column":9}},"loc":{"start":{"line":81,"column":28},"end":{"line":96,"column":null}},"line":81},"8":{"name":"(anonymous_8)","decl":{"start":{"line":101,"column":2},"end":{"line":101,"column":9}},"loc":{"start":{"line":101,"column":46},"end":{"line":111,"column":null}},"line":101},"9":{"name":"(anonymous_9)","decl":{"start":{"line":116,"column":2},"end":{"line":116,"column":9}},"loc":{"start":{"line":116,"column":56},"end":{"line":122,"column":null}},"line":116},"10":{"name":"(anonymous_10)","decl":{"start":{"line":119,"column":4},"end":{"line":119,"column":17}},"loc":{"start":{"line":119,"column":17},"end":{"line":121,"column":null}},"line":119},"11":{"name":"(anonymous_11)","decl":{"start":{"line":120,"column":50},"end":{"line":120,"column":58}},"loc":{"start":{"line":120,"column":64},"end":{"line":120,"column":77}},"line":120},"12":{"name":"(anonymous_12)","decl":{"start":{"line":127,"column":2},"end":{"line":127,"column":9}},"loc":{"start":{"line":127,"column":66},"end":{"line":133,"column":null}},"line":127},"13":{"name":"(anonymous_13)","decl":{"start":{"line":130,"column":4},"end":{"line":130,"column":17}},"loc":{"start":{"line":130,"column":17},"end":{"line":132,"column":null}},"line":130},"14":{"name":"(anonymous_14)","decl":{"start":{"line":131,"column":48},"end":{"line":131,"column":56}},"loc":{"start":{"line":131,"column":62},"end":{"line":131,"column":75}},"line":131},"15":{"name":"(anonymous_15)","decl":{"start":{"line":138,"column":2},"end":{"line":138,"column":9}},"loc":{"start":{"line":138,"column":32},"end":{"line":140,"column":null}},"line":138},"16":{"name":"(anonymous_16)","decl":{"start":{"line":145,"column":2},"end":{"line":145,"column":10}},"loc":{"start":{"line":145,"column":36},"end":{"line":166,"column":null}},"line":145},"17":{"name":"(anonymous_17)","decl":{"start":{"line":158,"column":28},"end":{"line":158,"column":45}},"loc":{"start":{"line":158,"column":45},"end":{"line":165,"column":7}},"line":158},"18":{"name":"(anonymous_18)","decl":{"start":{"line":171,"column":2},"end":{"line":171,"column":10}},"loc":{"start":{"line":171,"column":33},"end":{"line":178,"column":null}},"line":171},"19":{"name":"(anonymous_19)","decl":{"start":{"line":173,"column":29},"end":{"line":173,"column":47}},"loc":{"start":{"line":173,"column":47},"end":{"line":177,"column":7}},"line":173},"20":{"name":"(anonymous_20)","decl":{"start":{"line":183,"column":2},"end":{"line":183,"column":10}},"loc":{"start":{"line":183,"column":32},"end":{"line":188,"column":null}},"line":183},"21":{"name":"(anonymous_21)","decl":{"start":{"line":193,"column":2},"end":{"line":193,"column":10}},"loc":{"start":{"line":193,"column":55},"end":{"line":195,"column":null}},"line":193},"22":{"name":"(anonymous_22)","decl":{"start":{"line":194,"column":24},"end":{"line":194,"column":33}},"loc":{"start":{"line":194,"column":45},"end":{"line":194,"column":63}},"line":194}},"branchMap":{"0":{"loc":{"start":{"line":34,"column":4},"end":{"line":36,"column":null}},"type":"if","locations":[{"start":{"line":34,"column":4},"end":{"line":36,"column":null}},{"start":{},"end":{}}],"line":34},"1":{"loc":{"start":{"line":68,"column":8},"end":{"line":70,"column":null}},"type":"if","locations":[{"start":{"line":68,"column":8},"end":{"line":70,"column":null}},{"start":{},"end":{}}],"line":68},"2":{"loc":{"start":{"line":85,"column":4},"end":{"line":88,"column":null}},"type":"if","locations":[{"start":{"line":85,"column":4},"end":{"line":88,"column":null}},{"start":{},"end":{}}],"line":85},"3":{"loc":{"start":{"line":90,"column":4},"end":{"line":93,"column":null}},"type":"if","locations":[{"start":{"line":90,"column":4},"end":{"line":93,"column":null}},{"start":{},"end":{}}],"line":90},"4":{"loc":{"start":{"line":102,"column":4},"end":{"line":110,"column":null}},"type":"if","locations":[{"start":{"line":102,"column":4},"end":{"line":110,"column":null}},{"start":{"line":108,"column":11},"end":{"line":110,"column":null}}],"line":102},"5":{"loc":{"start":{"line":146,"column":4},"end":{"line":148,"column":null}},"type":"if","locations":[{"start":{"line":146,"column":4},"end":{"line":148,"column":null}},{"start":{},"end":{}}],"line":146},"6":{"loc":{"start":{"line":150,"column":4},"end":{"line":152,"column":null}},"type":"if","locations":[{"start":{"line":150,"column":4},"end":{"line":152,"column":null}},{"start":{},"end":{}}],"line":150},"7":{"loc":{"start":{"line":174,"column":6},"end":{"line":176,"column":null}},"type":"if","locations":[{"start":{"line":174,"column":6},"end":{"line":176,"column":null}},{"start":{},"end":{}}],"line":174},"8":{"loc":{"start":{"line":184,"column":4},"end":{"line":187,"column":null}},"type":"if","locations":[{"start":{"line":184,"column":4},"end":{"line":187,"column":null}},{"start":{},"end":{}}],"line":184}},"s":{"0":17,"1":17,"2":17,"3":17,"4":17,"5":17,"6":17,"7":17,"8":19,"9":1,"10":18,"11":18,"12":18,"13":18,"14":3,"15":3,"16":3,"17":3,"18":18,"19":5,"20":5,"21":5,"22":3,"23":1,"24":18,"25":1,"26":18,"27":2,"28":2,"29":2,"30":2,"31":2,"32":0,"33":0,"34":3,"35":3,"36":3,"37":1,"38":1,"39":3,"40":3,"41":3,"42":3,"43":3,"44":2,"45":2,"46":0,"47":1,"48":5,"49":5,"50":1,"51":1,"52":3,"53":3,"54":1,"55":1,"56":3,"57":2,"58":0,"59":2,"60":0,"61":2,"62":2,"63":1,"64":1,"65":1,"66":3,"67":3,"68":1,"69":1,"70":8,"71":0,"72":0,"73":8,"74":2},"f":{"0":17,"1":19,"2":3,"3":5,"4":3,"5":1,"6":2,"7":3,"8":3,"9":5,"10":1,"11":1,"12":3,"13":1,"14":1,"15":3,"16":2,"17":1,"18":3,"19":1,"20":8,"21":8,"22":2},"b":{"0":[1,18],"1":[2,0],"2":[1,2],"3":[3,0],"4":[2,1],"5":[0,2],"6":[0,2],"7":[1,0],"8":[0,8]},"meta":{"lastBranch":9,"lastFunction":23,"lastStatement":75,"seen":{"s:17:33:17:Infinity":0,"s:19:46:19:Infinity":1,"s:20:50:20:Infinity":2,"s:21:27:21:Infinity":3,"s:22:67:22:Infinity":4,"s:23:69:23:Infinity":5,"s:24:35:24:Infinity":6,"f:26:2:26:14":0,"s:27:4:27:Infinity":7,"f:33:2:33:9":1,"b:34:4:36:Infinity:undefined:undefined:undefined:undefined":0,"s:34:4:36:Infinity":8,"s:35:6:35:Infinity":9,"s:38:4:38:Infinity":10,"s:40:4:75:Infinity":11,"s:41:6:41:Infinity":12,"s:43:6:48:Infinity":13,"f:43:14:43:29":2,"s:44:8:44:Infinity":14,"s:45:8:45:Infinity":15,"s:46:8:46:Infinity":16,"s:47:8:47:Infinity":17,"s:50:6:57:Infinity":18,"f:50:14:50:27":3,"s:51:8:56:Infinity":19,"s:52:37:52:Infinity":20,"s:53:10:53:Infinity":21,"f:53:31:53:40":4,"s:53:52:53:68":22,"s:55:10:55:Infinity":23,"s:59:6:61:Infinity":24,"f:59:14:59:25":5,"s:60:8:60:Infinity":25,"s:63:6:71:Infinity":26,"f:63:14:63:30":6,"s:64:8:64:Infinity":27,"s:65:8:65:Infinity":28,"s:66:8:66:Infinity":29,"b:68:8:70:Infinity:undefined:undefined:undefined:undefined":1,"s:68:8:70:Infinity":30,"s:69:10:69:Infinity":31,"s:73:6:73:Infinity":32,"s:74:6:74:Infinity":33,"f:81:2:81:9":7,"s:82:4:82:Infinity":34,"s:83:4:83:Infinity":35,"b:85:4:88:Infinity:undefined:undefined:undefined:undefined":2,"s:85:4:88:Infinity":36,"s:86:6:86:Infinity":37,"s:87:6:87:Infinity":38,"b:90:4:93:Infinity:undefined:undefined:undefined:undefined":3,"s:90:4:93:Infinity":39,"s:91:6:91:Infinity":40,"s:92:6:92:Infinity":41,"s:95:4:95:Infinity":42,"f:101:2:101:9":8,"b:102:4:110:Infinity:108:11:110:Infinity":4,"s:102:4:110:Infinity":43,"s:103:6:107:Infinity":44,"s:104:8:104:Infinity":45,"s:106:8:106:Infinity":46,"s:109:6:109:Infinity":47,"f:116:2:116:9":9,"s:117:4:117:Infinity":48,"s:119:4:121:Infinity":49,"f:119:4:119:17":10,"s:120:6:120:Infinity":50,"f:120:50:120:58":11,"s:120:64:120:77":51,"f:127:2:127:9":12,"s:128:4:128:Infinity":52,"s:130:4:132:Infinity":53,"f:130:4:130:17":13,"s:131:6:131:Infinity":54,"f:131:48:131:56":14,"s:131:62:131:75":55,"f:138:2:138:9":15,"s:139:4:139:Infinity":56,"f:145:2:145:10":16,"b:146:4:148:Infinity:undefined:undefined:undefined:undefined":5,"s:146:4:148:Infinity":57,"s:147:6:147:Infinity":58,"b:150:4:152:Infinity:undefined:undefined:undefined:undefined":6,"s:150:4:152:Infinity":59,"s:151:6:151:Infinity":60,"s:154:4:156:Infinity":61,"s:158:4:165:Infinity":62,"f:158:28:158:45":17,"s:159:6:159:Infinity":63,"s:160:6:163:Infinity":64,"s:164:6:164:Infinity":65,"f:171:2:171:10":18,"s:172:4:172:Infinity":66,"s:173:4:177:Infinity":67,"f:173:29:173:47":19,"b:174:6:176:Infinity:undefined:undefined:undefined:undefined":7,"s:174:6:176:Infinity":68,"s:175:8:175:Infinity":69,"f:183:2:183:10":20,"b:184:4:187:Infinity:undefined:undefined:undefined:undefined":8,"s:184:4:187:Infinity":70,"s:185:6:185:Infinity":71,"s:186:6:186:Infinity":72,"f:193:2:193:10":21,"s:194:4:194:Infinity":73,"f:194:24:194:33":22,"s:194:45:194:63":74}}}
,"C:\\Users\\Nurali\\GoProjects\\Chess_nfac\\frontend\\src\\pages\\LeaderboardPage.tsx": {"path":"C:\\Users\\Nurali\\GoProjects\\Chess_nfac\\frontend\\src\\pages\\LeaderboardPage.tsx","statementMap":{"0":{"start":{"line":8,"column":13},"end":{"line":8,"column":null}},"1":{"start":{"line":11,"column":10},"end":{"line":11,"column":null}},"2":{"start":{"line":12,"column":23},"end":{"line":12,"column":null}},"3":{"start":{"line":13,"column":20},"end":{"line":13,"column":null}},"4":{"start":{"line":14,"column":15},"end":{"line":14,"column":null}},"5":{"start":{"line":16,"column":8},"end":{"line":16,"column":null}},"6":{"start":{"line":16,"column":34},"end":{"line":16,"column":null}},"7":{"start":{"line":17,"column":8},"end":{"line":17,"column":null}},"8":{"start":{"line":17,"column":33},"end":{"line":17,"column":null}},"9":{"start":{"line":19,"column":2},"end":{"line":58,"column":null}},"10":{"start":{"line":24,"column":10},"end":{"line":32,"column":null}},"11":{"start":{"line":29,"column":27},"end":{"line":29,"column":null}},"12":{"start":{"line":45,"column":25},"end":{"line":45,"column":null}},"13":{"start":{"line":53,"column":25},"end":{"line":53,"column":null}}},"fnMap":{"0":{"name":"LeaderboardPage","decl":{"start":{"line":10,"column":16},"end":{"line":10,"column":34}},"loc":{"start":{"line":10,"column":34},"end":{"line":60,"column":null}},"line":10},"1":{"name":"(anonymous_1)","decl":{"start":{"line":16,"column":8},"end":{"line":16,"column":18}},"loc":{"start":{"line":16,"column":34},"end":{"line":16,"column":null}},"line":16},"2":{"name":"(anonymous_2)","decl":{"start":{"line":17,"column":8},"end":{"line":17,"column":19}},"loc":{"start":{"line":17,"column":33},"end":{"line":17,"column":null}},"line":17},"3":{"name":"(anonymous_3)","decl":{"start":{"line":23,"column":14},"end":{"line":23,"column":18}},"loc":{"start":{"line":24,"column":10},"end":{"line":32,"column":null}},"line":24},"4":{"name":"(anonymous_4)","decl":{"start":{"line":29,"column":12},"end":{"line":29,"column":27}},"loc":{"start":{"line":29,"column":27},"end":{"line":29,"column":null}},"line":29},"5":{"name":"(anonymous_5)","decl":{"start":{"line":45,"column":10},"end":{"line":45,"column":25}},"loc":{"start":{"line":45,"column":25},"end":{"line":45,"column":null}},"line":45},"6":{"name":"(anonymous_6)","decl":{"start":{"line":53,"column":10},"end":{"line":53,"column":25}},"loc":{"start":{"line":53,"column":25},"end":{"line":53,"column":null}},"line":53}},"branchMap":{"0":{"loc":{"start":{"line":13,"column":20},"end":{"line":13,"column":null}},"type":"binary-expr","locations":[{"start":{"line":13,"column":20},"end":{"line":13,"column":48}},{"start":{"line":13,"column":48},"end":{"line":13,"column":null}}],"line":13},"1":{"loc":{"start":{"line":14,"column":24},"end":{"line":14,"column":57}},"type":"binary-expr","locations":[{"start":{"line":14,"column":24},"end":{"line":14,"column":52}},{"start":{"line":14,"column":52},"end":{"line":14,"column":57}}],"line":14},"2":{"loc":{"start":{"line":28,"column":36},"end":{"line":28,"column":77}},"type":"cond-expr","locations":[{"start":{"line":28,"column":56},"end":{"line":28,"column":75}},{"start":{"line":28,"column":75},"end":{"line":28,"column":77}}],"line":28},"3":{"loc":{"start":{"line":31,"column":13},"end":{"line":31,"column":null}},"type":"cond-expr","locations":[{"start":{"line":31,"column":32},"end":{"line":31,"column":58}},{"start":{"line":31,"column":58},"end":{"line":31,"column":null}}],"line":31},"4":{"loc":{"start":{"line":36,"column":9},"end":{"line":39,"column":null}},"type":"cond-expr","locations":[{"start":{"line":37,"column":10},"end":{"line":39,"column":11}},{"start":{"line":39,"column":10},"end":{"line":39,"column":null}}],"line":36}},"s":{"0":1,"1":11,"2":11,"3":11,"4":11,"5":11,"6":2,"7":11,"8":1,"9":11,"10":44,"11":2,"12":0,"13":1},"f":{"0":11,"1":2,"2":1,"3":44,"4":2,"5":0,"6":1},"b":{"0":[11,8],"1":[11,7],"2":[11,33],"3":[11,33],"4":[9,2]},"meta":{"lastBranch":5,"lastFunction":7,"lastStatement":14,"seen":{"s:8:13:8:Infinity":0,"f:10:16:10:34":0,"s:11:10:11:Infinity":1,"s:12:23:12:Infinity":2,"s:13:20:13:Infinity":3,"b:13:20:13:48:13:48:13:Infinity":0,"s:14:15:14:Infinity":4,"b:14:24:14:52:14:52:14:57":1,"s:16:8:16:Infinity":5,"f:16:8:16:18":1,"s:16:34:16:Infinity":6,"s:17:8:17:Infinity":7,"f:17:8:17:19":2,"s:17:33:17:Infinity":8,"s:19:2:58:Infinity":9,"f:23:14:23:18":3,"s:24:10:32:Infinity":10,"b:28:56:28:75:28:75:28:77":2,"f:29:12:29:27":4,"s:29:27:29:Infinity":11,"b:31:32:31:58:31:58:31:Infinity":3,"b:37:10:39:11:39:10:39:Infinity":4,"f:45:10:45:25":5,"s:45:25:45:Infinity":12,"f:53:10:53:25":6,"s:53:25:53:Infinity":13}}}
}
