mode: set
github.com/chess-nfac/backend/auth/jwt.go:17.85,29.16 4 1
github.com/chess-nfac/backend/auth/jwt.go:29.16,31.3 1 0
github.com/chess-nfac/backend/auth/jwt.go:33.2,33.25 1 1
github.com/chess-nfac/backend/auth/jwt.go:36.76,49.16 4 1
github.com/chess-nfac/backend/auth/jwt.go:49.16,51.3 1 0
github.com/chess-nfac/backend/auth/jwt.go:53.2,53.25 1 1
github.com/chess-nfac/backend/auth/jwt.go:56.59,58.98 2 1
github.com/chess-nfac/backend/auth/jwt.go:58.98,59.58 1 1
github.com/chess-nfac/backend/auth/jwt.go:59.58,61.4 1 0
github.com/chess-nfac/backend/auth/jwt.go:62.3,62.29 1 1
github.com/chess-nfac/backend/auth/jwt.go:65.2,65.16 1 1
github.com/chess-nfac/backend/auth/jwt.go:65.16,67.3 1 1
github.com/chess-nfac/backend/auth/jwt.go:69.2,69.18 1 1
github.com/chess-nfac/backend/auth/jwt.go:69.18,71.3 1 0
github.com/chess-nfac/backend/auth/jwt.go:73.2,73.20 1 1
github.com/chess-nfac/backend/auth/jwt.go:76.68,77.107 1 1
github.com/chess-nfac/backend/auth/jwt.go:77.107,78.58 1 1
github.com/chess-nfac/backend/auth/jwt.go:78.58,80.4 1 0
github.com/chess-nfac/backend/auth/jwt.go:81.3,81.29 1 1
github.com/chess-nfac/backend/auth/jwt.go:84.2,84.16 1 1
github.com/chess-nfac/backend/auth/jwt.go:84.16,86.3 1 1
github.com/chess-nfac/backend/auth/jwt.go:88.2,88.18 1 1
github.com/chess-nfac/backend/auth/jwt.go:88.18,90.3 1 0
github.com/chess-nfac/backend/auth/jwt.go:92.2,94.9 3 1
github.com/chess-nfac/backend/auth/jwt.go:94.9,96.3 1 0
github.com/chess-nfac/backend/auth/jwt.go:98.2,99.16 2 1
github.com/chess-nfac/backend/auth/jwt.go:99.16,101.3 1 1
github.com/chess-nfac/backend/auth/jwt.go:103.2,103.20 1 1
github.com/chess-nfac/backend/auth/password.go:9.52,11.16 2 1
github.com/chess-nfac/backend/auth/password.go:11.16,13.3 1 0
github.com/chess-nfac/backend/auth/password.go:14.2,14.26 1 1
github.com/chess-nfac/backend/auth/password.go:17.50,19.16 2 1
github.com/chess-nfac/backend/auth/password.go:19.16,21.3 1 1
github.com/chess-nfac/backend/auth/password.go:22.2,22.12 1 1
github.com/chess-nfac/backend/service/game_service.go:30.16,37.2 1 1
github.com/chess-nfac/backend/service/game_service.go:39.135,49.53 2 1
github.com/chess-nfac/backend/service/game_service.go:49.53,51.3 1 1
github.com/chess-nfac/backend/service/game_service.go:53.2,53.18 1 1
github.com/chess-nfac/backend/service/game_service.go:56.92,58.16 2 1
github.com/chess-nfac/backend/service/game_service.go:58.16,60.3 1 1
github.com/chess-nfac/backend/service/game_service.go:61.2,61.17 1 1
github.com/chess-nfac/backend/service/game_service.go:61.17,63.3 1 1
github.com/chess-nfac/backend/service/game_service.go:64.2,64.18 1 1
github.com/chess-nfac/backend/service/game_service.go:67.94,69.16 2 1
github.com/chess-nfac/backend/service/game_service.go:69.16,71.3 1 1
github.com/chess-nfac/backend/service/game_service.go:72.2,72.19 1 1
github.com/chess-nfac/backend/service/game_service.go:75.147,77.16 2 1
github.com/chess-nfac/backend/service/game_service.go:77.16,79.3 1 0
github.com/chess-nfac/backend/service/game_service.go:80.2,80.17 1 1
github.com/chess-nfac/backend/service/game_service.go:80.17,82.3 1 1
github.com/chess-nfac/backend/service/game_service.go:83.2,83.44 1 1
github.com/chess-nfac/backend/service/game_service.go:83.44,85.3 1 1
github.com/chess-nfac/backend/service/game_service.go:88.2,89.23 2 1
github.com/chess-nfac/backend/service/game_service.go:89.23,91.3 1 0
github.com/chess-nfac/backend/service/game_service.go:92.2,94.51 2 1
github.com/chess-nfac/backend/service/game_service.go:94.51,96.3 1 1
github.com/chess-nfac/backend/service/game_service.go:97.2,97.51 1 1
github.com/chess-nfac/backend/service/game_service.go:97.51,99.3 1 0
github.com/chess-nfac/backend/service/game_service.go:101.2,102.16 2 1
github.com/chess-nfac/backend/service/game_service.go:102.16,104.3 1 1
github.com/chess-nfac/backend/service/game_service.go:107.2,108.16 2 1
github.com/chess-nfac/backend/service/game_service.go:108.16,110.3 1 0
github.com/chess-nfac/backend/service/game_service.go:112.2,120.53 2 1
github.com/chess-nfac/backend/service/game_service.go:120.53,122.3 1 0
github.com/chess-nfac/backend/service/game_service.go:125.2,126.16 2 1
github.com/chess-nfac/backend/service/game_service.go:126.16,128.3 1 0
github.com/chess-nfac/backend/service/game_service.go:130.2,130.10 1 1
github.com/chess-nfac/backend/service/game_service.go:130.10,132.65 2 1
github.com/chess-nfac/backend/service/game_service.go:132.65,134.4 1 0
github.com/chess-nfac/backend/service/game_service.go:135.3,136.24 2 1
github.com/chess-nfac/backend/service/game_service.go:137.8,138.67 1 1
github.com/chess-nfac/backend/service/game_service.go:138.67,140.4 1 0
github.com/chess-nfac/backend/service/game_service.go:141.3,141.20 1 1
github.com/chess-nfac/backend/service/game_service.go:144.2,144.30 1 1
github.com/chess-nfac/backend/service/game_service.go:147.105,149.16 2 1
github.com/chess-nfac/backend/service/game_service.go:149.16,151.3 1 0
github.com/chess-nfac/backend/service/game_service.go:152.2,152.17 1 1
github.com/chess-nfac/backend/service/game_service.go:152.17,154.3 1 1
github.com/chess-nfac/backend/service/game_service.go:155.2,155.44 1 1
github.com/chess-nfac/backend/service/game_service.go:155.44,157.3 1 1
github.com/chess-nfac/backend/service/game_service.go:158.2,158.58 1 1
github.com/chess-nfac/backend/service/game_service.go:158.58,160.3 1 1
github.com/chess-nfac/backend/service/game_service.go:162.2,163.30 2 1
github.com/chess-nfac/backend/service/game_service.go:163.30,165.3 1 1
github.com/chess-nfac/backend/service/game_service.go:165.8,167.3 1 1
github.com/chess-nfac/backend/service/game_service.go:169.2,169.66 1 1
github.com/chess-nfac/backend/service/game_service.go:169.66,171.3 1 0
github.com/chess-nfac/backend/service/game_service.go:173.2,175.18 3 1
github.com/chess-nfac/backend/service/game_service.go:178.123,180.16 2 1
github.com/chess-nfac/backend/service/game_service.go:181.34,182.20 1 1
github.com/chess-nfac/backend/service/game_service.go:183.34,184.20 1 1
github.com/chess-nfac/backend/service/game_service.go:185.10,186.24 1 0
github.com/chess-nfac/backend/service/game_service.go:189.2,190.16 2 1
github.com/chess-nfac/backend/service/game_service.go:190.16,192.3 1 0
github.com/chess-nfac/backend/service/game_service.go:193.2,194.16 2 1
github.com/chess-nfac/backend/service/game_service.go:194.16,196.3 1 0
github.com/chess-nfac/backend/service/game_service.go:198.2,199.35 2 1
github.com/chess-nfac/backend/service/game_service.go:199.35,201.3 1 1
github.com/chess-nfac/backend/service/game_service.go:202.2,203.35 2 1
github.com/chess-nfac/backend/service/game_service.go:203.35,205.3 1 1
github.com/chess-nfac/backend/service/game_service.go:207.2,212.16 2 1
github.com/chess-nfac/backend/service/game_service.go:212.16,214.3 1 0
github.com/chess-nfac/backend/service/game_service.go:216.2,216.129 1 1
github.com/chess-nfac/backend/service/game_service.go:216.129,218.3 1 0
github.com/chess-nfac/backend/service/game_service.go:220.2,220.69 1 1
github.com/chess-nfac/backend/service/game_service.go:220.69,222.3 1 0
github.com/chess-nfac/backend/service/game_service.go:224.2,224.96 1 1
github.com/chess-nfac/backend/service/game_service.go:224.96,226.3 1 0
github.com/chess-nfac/backend/service/game_service.go:228.2,228.12 1 1
github.com/chess-nfac/backend/service/game_service.go:232.84,233.16 1 1
github.com/chess-nfac/backend/service/game_service.go:234.19,235.24 1 1
github.com/chess-nfac/backend/service/game_service.go:235.24,237.4 1 1
github.com/chess-nfac/backend/service/game_service.go:238.3,238.36 1 1
github.com/chess-nfac/backend/service/game_service.go:239.105,240.31 1 1
github.com/chess-nfac/backend/service/game_service.go:242.2,242.30 1 1
github.com/chess-nfac/backend/service/leaderboard_service.go:17.98,21.2 1 1
github.com/chess-nfac/backend/service/leaderboard_service.go:23.134,24.49 1 1
github.com/chess-nfac/backend/service/leaderboard_service.go:24.49,26.3 1 1
github.com/chess-nfac/backend/service/leaderboard_service.go:28.2,28.14 1 1
github.com/chess-nfac/backend/service/leaderboard_service.go:28.14,30.3 1 1
github.com/chess-nfac/backend/service/leaderboard_service.go:31.2,31.36 1 1
github.com/chess-nfac/backend/service/leaderboard_service.go:31.36,33.3 1 1
github.com/chess-nfac/backend/service/leaderboard_service.go:35.2,38.16 3 1
github.com/chess-nfac/backend/service/leaderboard_service.go:38.16,40.3 1 1
github.com/chess-nfac/backend/service/leaderboard_service.go:42.2,42.28 1 1
github.com/chess-nfac/backend/service/leaderboard_service.go:45.65,46.55 1 1
github.com/chess-nfac/backend/service/leaderboard_service.go:46.55,48.3 1 1
github.com/chess-nfac/backend/service/leaderboard_service.go:49.2,49.12 1 1
github.com/chess-nfac/backend/service/leaderboard_service.go:53.91,54.12 1 0
github.com/chess-nfac/backend/service/leaderboard_service.go:54.12,58.7 3 0
github.com/chess-nfac/backend/service/leaderboard_service.go:58.7,59.11 1 0
github.com/chess-nfac/backend/service/leaderboard_service.go:60.22,61.11 1 0
github.com/chess-nfac/backend/service/leaderboard_service.go:62.20,63.42 1 0
github.com/chess-nfac/backend/service/leaderboard_service.go:63.42,65.6 1 0
github.com/chess-nfac/backend/service/rating_service.go:18.78,22.2 1 1
github.com/chess-nfac/backend/service/rating_service.go:29.21,32.16 2 1
github.com/chess-nfac/backend/service/rating_service.go:33.13,35.19 2 1
github.com/chess-nfac/backend/service/rating_service.go:36.13,38.19 2 1
github.com/chess-nfac/backend/service/rating_service.go:39.17,41.19 2 1
github.com/chess-nfac/backend/service/rating_service.go:42.10,43.92 1 1
github.com/chess-nfac/backend/service/rating_service.go:46.2,55.26 7 1
github.com/chess-nfac/backend/service/rating_service.go:55.26,57.3 1 1
github.com/chess-nfac/backend/service/rating_service.go:58.2,58.26 1 1
github.com/chess-nfac/backend/service/rating_service.go:58.26,60.3 1 0
github.com/chess-nfac/backend/service/rating_service.go:62.2,62.44 1 1
github.com/chess-nfac/backend/service/rating_service.go:70.21,72.16 2 1
github.com/chess-nfac/backend/service/rating_service.go:72.16,74.3 1 1
github.com/chess-nfac/backend/service/rating_service.go:76.2,77.16 2 1
github.com/chess-nfac/backend/service/rating_service.go:77.16,79.3 1 1
github.com/chess-nfac/backend/service/rating_service.go:81.2,89.17 3 1
github.com/chess-nfac/backend/service/rating_service.go:89.17,91.3 1 1
github.com/chess-nfac/backend/service/rating_service.go:93.2,98.17 1 1
github.com/chess-nfac/backend/service/rating_service.go:98.17,100.3 1 0
github.com/chess-nfac/backend/service/rating_service.go:102.2,102.36 1 1
github.com/chess-nfac/backend/service/rating_service.go:105.55,106.20 1 1
github.com/chess-nfac/backend/service/rating_service.go:106.20,108.3 1 1
github.com/chess-nfac/backend/service/rating_service.go:109.2,109.11 1 1
github.com/chess-nfac/backend/service/rating_service.go:112.89,114.2 1 1
github.com/chess-nfac/backend/service/user_service.go:22.88,27.2 1 1
github.com/chess-nfac/backend/service/user_service.go:29.44,32.2 2 1
github.com/chess-nfac/backend/service/user_service.go:34.115,35.57 1 1
github.com/chess-nfac/backend/service/user_service.go:35.57,37.3 1 1
github.com/chess-nfac/backend/service/user_service.go:38.2,38.51 1 1
github.com/chess-nfac/backend/service/user_service.go:38.51,40.3 1 1
github.com/chess-nfac/backend/service/user_service.go:41.2,41.57 1 1
github.com/chess-nfac/backend/service/user_service.go:41.57,43.3 1 1
github.com/chess-nfac/backend/service/user_service.go:44.2,44.49 1 1
github.com/chess-nfac/backend/service/user_service.go:44.49,46.3 1 1
github.com/chess-nfac/backend/service/user_service.go:48.2,49.16 2 1
github.com/chess-nfac/backend/service/user_service.go:49.16,51.3 1 1
github.com/chess-nfac/backend/service/user_service.go:52.2,52.21 1 1
github.com/chess-nfac/backend/service/user_service.go:52.21,54.3 1 1
github.com/chess-nfac/backend/service/user_service.go:56.2,57.16 2 1
github.com/chess-nfac/backend/service/user_service.go:57.16,59.3 1 0
github.com/chess-nfac/backend/service/user_service.go:60.2,60.21 1 1
github.com/chess-nfac/backend/service/user_service.go:60.21,62.3 1 1
github.com/chess-nfac/backend/service/user_service.go:64.2,65.16 2 1
github.com/chess-nfac/backend/service/user_service.go:65.16,67.3 1 0
github.com/chess-nfac/backend/service/user_service.go:69.2,78.53 2 1
github.com/chess-nfac/backend/service/user_service.go:78.53,80.3 1 0
github.com/chess-nfac/backend/service/user_service.go:82.2,82.18 1 1
github.com/chess-nfac/backend/service/user_service.go:85.115,86.38 1 1
github.com/chess-nfac/backend/service/user_service.go:86.38,88.3 1 1
github.com/chess-nfac/backend/service/user_service.go:90.2,91.16 2 1
github.com/chess-nfac/backend/service/user_service.go:91.16,93.3 1 1
github.com/chess-nfac/backend/service/user_service.go:94.2,94.17 1 1
github.com/chess-nfac/backend/service/user_service.go:94.17,96.3 1 1
github.com/chess-nfac/backend/service/user_service.go:98.2,98.73 1 1
github.com/chess-nfac/backend/service/user_service.go:98.73,100.3 1 1
github.com/chess-nfac/backend/service/user_service.go:102.2,103.16 2 1
github.com/chess-nfac/backend/service/user_service.go:103.16,105.3 1 0
github.com/chess-nfac/backend/service/user_service.go:107.2,108.16 2 1
github.com/chess-nfac/backend/service/user_service.go:108.16,110.3 1 0
github.com/chess-nfac/backend/service/user_service.go:112.2,114.88 3 1
github.com/chess-nfac/backend/service/user_service.go:114.88,116.3 1 0
github.com/chess-nfac/backend/service/user_service.go:118.2,118.45 1 1
github.com/chess-nfac/backend/service/user_service.go:121.103,125.16 3 1
github.com/chess-nfac/backend/service/user_service.go:125.16,127.3 1 0
github.com/chess-nfac/backend/service/user_service.go:128.2,128.64 1 1
github.com/chess-nfac/backend/service/user_service.go:128.64,130.3 1 1
github.com/chess-nfac/backend/service/user_service.go:132.2,132.70 1 1
github.com/chess-nfac/backend/service/user_service.go:132.70,134.3 1 0
github.com/chess-nfac/backend/service/user_service.go:136.2,137.16 2 1
github.com/chess-nfac/backend/service/user_service.go:137.16,139.3 1 0
github.com/chess-nfac/backend/service/user_service.go:140.2,140.17 1 1
github.com/chess-nfac/backend/service/user_service.go:140.17,142.3 1 1
github.com/chess-nfac/backend/service/user_service.go:144.2,145.16 2 1
github.com/chess-nfac/backend/service/user_service.go:145.16,147.3 1 0
github.com/chess-nfac/backend/service/user_service.go:149.2,150.16 2 1
github.com/chess-nfac/backend/service/user_service.go:150.16,152.3 1 0
github.com/chess-nfac/backend/service/user_service.go:154.2,156.94 3 1
github.com/chess-nfac/backend/service/user_service.go:156.94,158.3 1 0
github.com/chess-nfac/backend/service/user_service.go:160.2,160.42 1 1
github.com/chess-nfac/backend/service/user_service.go:163.92,165.16 2 1
github.com/chess-nfac/backend/service/user_service.go:165.16,167.3 1 1
github.com/chess-nfac/backend/service/user_service.go:168.2,168.17 1 1
github.com/chess-nfac/backend/service/user_service.go:168.17,170.3 1 1
github.com/chess-nfac/backend/service/user_service.go:171.2,171.18 1 1
github.com/chess-nfac/backend/service/user_service.go:174.75,175.68 1 1
github.com/chess-nfac/backend/service/user_service.go:175.68,177.3 1 1
github.com/chess-nfac/backend/service/user_service.go:178.2,178.12 1 1
github.com/chess-nfac/backend/handlers/auth.go:27.60,29.2 1 1
github.com/chess-nfac/backend/handlers/auth.go:31.72,39.61 2 1
github.com/chess-nfac/backend/handlers/auth.go:39.61,42.3 2 1
github.com/chess-nfac/backend/handlers/auth.go:44.2,45.16 2 1
github.com/chess-nfac/backend/handlers/auth.go:45.16,46.45 1 1
github.com/chess-nfac/backend/handlers/auth.go:46.45,49.4 2 1
github.com/chess-nfac/backend/handlers/auth.go:50.3,51.9 2 0
github.com/chess-nfac/backend/handlers/auth.go:54.2,54.48 1 1
github.com/chess-nfac/backend/handlers/auth.go:57.69,63.61 2 1
github.com/chess-nfac/backend/handlers/auth.go:63.61,66.3 2 1
github.com/chess-nfac/backend/handlers/auth.go:68.2,69.16 2 1
github.com/chess-nfac/backend/handlers/auth.go:69.16,70.45 1 1
github.com/chess-nfac/backend/handlers/auth.go:70.45,73.4 2 1
github.com/chess-nfac/backend/handlers/auth.go:74.3,75.9 2 0
github.com/chess-nfac/backend/handlers/auth.go:78.2,82.4 1 1
github.com/chess-nfac/backend/handlers/auth.go:85.71,90.61 2 1
github.com/chess-nfac/backend/handlers/auth.go:90.61,93.3 2 1
github.com/chess-nfac/backend/handlers/auth.go:95.2,95.28 1 1
github.com/chess-nfac/backend/handlers/auth.go:95.28,98.3 2 1
github.com/chess-nfac/backend/handlers/auth.go:100.2,101.16 2 1
github.com/chess-nfac/backend/handlers/auth.go:101.16,102.45 1 1
github.com/chess-nfac/backend/handlers/auth.go:102.45,105.4 2 1
github.com/chess-nfac/backend/handlers/auth.go:106.3,107.9 2 0
github.com/chess-nfac/backend/handlers/auth.go:110.2,113.4 1 1
github.com/chess-nfac/backend/handlers/auth.go:116.70,118.9 2 1
github.com/chess-nfac/backend/handlers/auth.go:118.9,121.3 2 1
github.com/chess-nfac/backend/handlers/auth.go:123.2,123.66 1 1
github.com/chess-nfac/backend/handlers/auth.go:123.66,126.3 2 0
github.com/chess-nfac/backend/handlers/auth.go:128.2,128.42 1 1
github.com/chess-nfac/backend/handlers/games.go:27.60,29.2 1 1
github.com/chess-nfac/backend/handlers/games.go:31.71,34.16 3 1
github.com/chess-nfac/backend/handlers/games.go:34.16,37.3 2 1
github.com/chess-nfac/backend/handlers/games.go:39.2,40.16 2 1
github.com/chess-nfac/backend/handlers/games.go:40.16,41.45 1 1
github.com/chess-nfac/backend/handlers/games.go:41.45,44.4 2 1
github.com/chess-nfac/backend/handlers/games.go:45.3,46.9 2 0
github.com/chess-nfac/backend/handlers/games.go:49.2,49.43 1 1
github.com/chess-nfac/backend/handlers/games.go:52.72,55.16 3 1
github.com/chess-nfac/backend/handlers/games.go:55.16,58.3 2 1
github.com/chess-nfac/backend/handlers/games.go:60.2,61.16 2 1
github.com/chess-nfac/backend/handlers/games.go:61.16,62.45 1 1
github.com/chess-nfac/backend/handlers/games.go:62.45,65.4 2 0
github.com/chess-nfac/backend/handlers/games.go:66.3,67.9 2 1
github.com/chess-nfac/backend/handlers/games.go:70.2,70.44 1 1
github.com/chess-nfac/backend/handlers/games.go:73.72,75.9 2 1
github.com/chess-nfac/backend/handlers/games.go:75.9,78.3 2 1
github.com/chess-nfac/backend/handlers/games.go:80.2,82.16 3 1
github.com/chess-nfac/backend/handlers/games.go:82.16,85.3 2 0
github.com/chess-nfac/backend/handlers/games.go:87.2,90.61 2 1
github.com/chess-nfac/backend/handlers/games.go:90.61,93.3 2 1
github.com/chess-nfac/backend/handlers/games.go:94.2,94.20 1 1
github.com/chess-nfac/backend/handlers/games.go:94.20,97.3 2 1
github.com/chess-nfac/backend/handlers/games.go:99.2,100.16 2 1
github.com/chess-nfac/backend/handlers/games.go:100.16,101.45 1 1
github.com/chess-nfac/backend/handlers/games.go:101.45,104.4 2 1
github.com/chess-nfac/backend/handlers/games.go:105.3,106.9 2 0
github.com/chess-nfac/backend/handlers/games.go:109.2,113.4 1 1
github.com/chess-nfac/backend/handlers/games.go:116.70,118.9 2 1
github.com/chess-nfac/backend/handlers/games.go:118.9,121.3 2 1
github.com/chess-nfac/backend/handlers/games.go:123.2,125.16 3 1
github.com/chess-nfac/backend/handlers/games.go:125.16,128.3 2 0
github.com/chess-nfac/backend/handlers/games.go:130.2,131.16 2 1
github.com/chess-nfac/backend/handlers/games.go:131.16,132.45 1 1
github.com/chess-nfac/backend/handlers/games.go:132.45,135.4 2 1
github.com/chess-nfac/backend/handlers/games.go:136.3,137.9 2 0
github.com/chess-nfac/backend/handlers/games.go:140.2,140.43 1 1
github.com/chess-nfac/backend/handlers/leaderboard.go:22.88,24.2 1 1
github.com/chess-nfac/backend/handlers/leaderboard.go:26.80,30.45 3 1
github.com/chess-nfac/backend/handlers/leaderboard.go:30.45,31.53 1 1
github.com/chess-nfac/backend/handlers/leaderboard.go:31.53,33.4 1 1
github.com/chess-nfac/backend/handlers/leaderboard.go:36.2,37.50 2 1
github.com/chess-nfac/backend/handlers/leaderboard.go:37.50,38.65 1 1
github.com/chess-nfac/backend/handlers/leaderboard.go:38.65,40.4 1 1
github.com/chess-nfac/backend/handlers/leaderboard.go:43.2,44.16 2 1
github.com/chess-nfac/backend/handlers/leaderboard.go:44.16,45.45 1 1
github.com/chess-nfac/backend/handlers/leaderboard.go:45.45,48.4 2 1
github.com/chess-nfac/backend/handlers/leaderboard.go:49.3,50.9 2 1
github.com/chess-nfac/backend/handlers/leaderboard.go:53.2,53.74 1 1
github.com/chess-nfac/backend/handlers/users.go:23.66,25.2 1 1
github.com/chess-nfac/backend/handlers/users.go:27.69,29.9 2 1
github.com/chess-nfac/backend/handlers/users.go:29.9,32.3 2 1
github.com/chess-nfac/backend/handlers/users.go:34.2,35.16 2 1
github.com/chess-nfac/backend/handlers/users.go:35.16,36.45 1 1
github.com/chess-nfac/backend/handlers/users.go:36.45,39.4 2 1
github.com/chess-nfac/backend/handlers/users.go:40.3,41.9 2 0
github.com/chess-nfac/backend/handlers/users.go:44.2,44.43 1 1
github.com/chess-nfac/backend/handlers/users.go:47.71,50.16 3 1
github.com/chess-nfac/backend/handlers/users.go:50.16,53.3 2 1
github.com/chess-nfac/backend/handlers/users.go:55.2,56.16 2 1
github.com/chess-nfac/backend/handlers/users.go:56.16,57.45 1 1
github.com/chess-nfac/backend/handlers/users.go:57.45,60.4 2 1
github.com/chess-nfac/backend/handlers/users.go:61.3,62.9 2 0
github.com/chess-nfac/backend/handlers/users.go:65.2,65.43 1 1
