mode: set
github.com/chess-nfac/backend/websocket/client.go:28.74,36.2 1 1
github.com/chess-nfac/backend/websocket/client.go:38.29,39.15 1 1
github.com/chess-nfac/backend/websocket/client.go:39.15,42.3 2 1
github.com/chess-nfac/backend/websocket/client.go:44.2,45.43 2 1
github.com/chess-nfac/backend/websocket/client.go:45.43,48.3 2 0
github.com/chess-nfac/backend/websocket/client.go:50.2,52.6 2 1
github.com/chess-nfac/backend/websocket/client.go:52.6,55.17 3 1
github.com/chess-nfac/backend/websocket/client.go:55.17,56.103 1 1
github.com/chess-nfac/backend/websocket/client.go:56.103,58.5 1 0
github.com/chess-nfac/backend/websocket/client.go:59.4,59.10 1 1
github.com/chess-nfac/backend/websocket/client.go:62.3,62.24 1 1
github.com/chess-nfac/backend/websocket/client.go:66.30,68.15 2 1
github.com/chess-nfac/backend/websocket/client.go:68.15,71.3 2 1
github.com/chess-nfac/backend/websocket/client.go:73.2,73.6 1 1
github.com/chess-nfac/backend/websocket/client.go:73.6,74.10 1 1
github.com/chess-nfac/backend/websocket/client.go:75.32,77.11 2 1
github.com/chess-nfac/backend/websocket/client.go:77.11,80.5 2 0
github.com/chess-nfac/backend/websocket/client.go:82.4,82.78 1 1
github.com/chess-nfac/backend/websocket/client.go:82.78,84.5 1 0
github.com/chess-nfac/backend/websocket/client.go:86.19,88.74 2 0
github.com/chess-nfac/backend/websocket/client.go:88.74,90.5 1 0
github.com/chess-nfac/backend/websocket/client.go:92.17,93.10 1 1
github.com/chess-nfac/backend/websocket/client.go:98.52,99.18 1 1
github.com/chess-nfac/backend/websocket/client.go:100.23,101.20 1 1
github.com/chess-nfac/backend/websocket/client.go:102.28,103.25 1 1
github.com/chess-nfac/backend/websocket/client.go:104.29,105.26 1 1
github.com/chess-nfac/backend/websocket/client.go:106.27,107.24 1 1
github.com/chess-nfac/backend/websocket/client.go:108.25,109.22 1 1
github.com/chess-nfac/backend/websocket/client.go:110.23,111.55 1 1
github.com/chess-nfac/backend/websocket/client.go:112.10,113.62 1 1
github.com/chess-nfac/backend/websocket/client.go:117.49,118.28 1 1
github.com/chess-nfac/backend/websocket/client.go:118.28,121.3 2 1
github.com/chess-nfac/backend/websocket/client.go:123.2,127.3 2 1
github.com/chess-nfac/backend/websocket/client.go:130.54,135.2 1 1
github.com/chess-nfac/backend/websocket/client.go:137.55,142.2 1 1
github.com/chess-nfac/backend/websocket/client.go:144.53,145.28 1 1
github.com/chess-nfac/backend/websocket/client.go:145.28,148.3 2 1
github.com/chess-nfac/backend/websocket/client.go:150.2,150.20 1 1
github.com/chess-nfac/backend/websocket/client.go:150.20,153.3 2 1
github.com/chess-nfac/backend/websocket/client.go:155.2,159.3 1 1
github.com/chess-nfac/backend/websocket/client.go:162.51,163.28 1 1
github.com/chess-nfac/backend/websocket/client.go:163.28,166.3 2 1
github.com/chess-nfac/backend/websocket/client.go:168.2,171.3 1 1
github.com/chess-nfac/backend/websocket/client.go:174.50,176.16 2 1
github.com/chess-nfac/backend/websocket/client.go:176.16,179.3 2 0
github.com/chess-nfac/backend/websocket/client.go:181.2,181.9 1 1
github.com/chess-nfac/backend/websocket/client.go:182.22,182.22 0 1
github.com/chess-nfac/backend/websocket/client.go:183.10,184.61 1 0
github.com/chess-nfac/backend/websocket/client.go:188.50,194.2 1 1
github.com/chess-nfac/backend/websocket/client.go:196.26,199.2 2 1
github.com/chess-nfac/backend/websocket/handler.go:17.42,19.3 1 0
github.com/chess-nfac/backend/websocket/handler.go:22.69,23.54 1 0
github.com/chess-nfac/backend/websocket/handler.go:23.54,25.24 2 0
github.com/chess-nfac/backend/websocket/handler.go:25.24,28.4 2 0
github.com/chess-nfac/backend/websocket/handler.go:31.3,31.59 1 0
github.com/chess-nfac/backend/websocket/handler.go:31.59,33.4 1 0
github.com/chess-nfac/backend/websocket/handler.go:35.3,36.102 2 0
github.com/chess-nfac/backend/websocket/handler.go:36.102,38.4 1 0
github.com/chess-nfac/backend/websocket/handler.go:40.3,40.33 1 0
github.com/chess-nfac/backend/websocket/handler.go:40.33,43.4 2 0
github.com/chess-nfac/backend/websocket/handler.go:45.3,46.10 2 0
github.com/chess-nfac/backend/websocket/handler.go:46.10,49.4 2 0
github.com/chess-nfac/backend/websocket/handler.go:51.3,52.17 2 0
github.com/chess-nfac/backend/websocket/handler.go:52.17,55.4 2 0
github.com/chess-nfac/backend/websocket/handler.go:57.3,58.17 2 0
github.com/chess-nfac/backend/websocket/handler.go:58.17,61.4 2 0
github.com/chess-nfac/backend/websocket/handler.go:63.3,67.24 4 0
github.com/chess-nfac/backend/websocket/hub.go:43.20,56.2 1 1
github.com/chess-nfac/backend/websocket/hub.go:58.21,59.6 1 1
github.com/chess-nfac/backend/websocket/hub.go:59.6,60.10 1 1
github.com/chess-nfac/backend/websocket/hub.go:61.31,62.37 1 1
github.com/chess-nfac/backend/websocket/hub.go:64.33,65.45 1 1
github.com/chess-nfac/backend/websocket/hub.go:65.45,68.5 2 1
github.com/chess-nfac/backend/websocket/hub.go:70.29,71.37 1 0
github.com/chess-nfac/backend/websocket/hub.go:71.37,73.5 1 0
github.com/chess-nfac/backend/websocket/hub.go:75.28,76.47 1 1
github.com/chess-nfac/backend/websocket/hub.go:76.47,78.5 1 1
github.com/chess-nfac/backend/websocket/hub.go:79.4,79.48 1 1
github.com/chess-nfac/backend/websocket/hub.go:81.22,81.22 0 1
github.com/chess-nfac/backend/websocket/hub.go:84.23,84.23 0 1
github.com/chess-nfac/backend/websocket/hub.go:87.21,87.21 0 1
github.com/chess-nfac/backend/websocket/hub.go:90.19,90.19 0 1
github.com/chess-nfac/backend/websocket/hub.go:96.69,97.46 1 1
github.com/chess-nfac/backend/websocket/hub.go:97.46,98.31 1 1
github.com/chess-nfac/backend/websocket/hub.go:98.31,100.4 1 1
github.com/chess-nfac/backend/websocket/hub.go:104.69,105.41 1 1
github.com/chess-nfac/backend/websocket/hub.go:105.41,107.3 1 1
github.com/chess-nfac/backend/websocket/hub.go:110.51,111.46 1 1
github.com/chess-nfac/backend/websocket/hub.go:111.46,112.31 1 1
github.com/chess-nfac/backend/websocket/hub.go:112.31,114.4 1 1
github.com/chess-nfac/backend/websocket/hub.go:115.3,115.32 1 1
github.com/chess-nfac/backend/websocket/hub.go:119.59,121.2 1 1
github.com/chess-nfac/backend/websocket/hub.go:123.51,126.2 2 1
github.com/chess-nfac/backend/websocket/hub.go:128.56,129.46 1 1
github.com/chess-nfac/backend/websocket/hub.go:129.46,131.3 1 1
github.com/chess-nfac/backend/websocket/hub.go:132.2,132.10 1 1
github.com/chess-nfac/backend/websocket/hub.go:135.27,137.2 1 1
